<?xml version="1.0" encoding="UTF-8"?>
<testsuite name="roman.RomanNumberTest" tests="18" skipped="0" failures="14" errors="0" timestamp="2019-10-13T11:42:50" hostname="DESKTOP-3BSEN9O" time="0.149">
  <properties/>
  <testcase name="failAntecedent1" classname="roman.RomanNumberTest" time="0.003">
    <failure message="java.lang.Exception: Unexpected exception, expected&lt;java.lang.IllegalArgumentException&gt; but was&lt;java.lang.StringIndexOutOfBoundsException&gt;" type="java.lang.Exception">java.lang.Exception: Unexpected exception, expected&lt;java.lang.IllegalArgumentException&gt; but was&lt;java.lang.StringIndexOutOfBoundsException&gt;
	at org.junit.internal.runners.statements.ExpectException.evaluate(ExpectException.java:28)
	at org.junit.runners.ParentRunner.runLeaf(ParentRunner.java:325)
	at org.junit.runners.BlockJUnit4ClassRunner.runChild(BlockJUnit4ClassRunner.java:78)
	at org.junit.runners.BlockJUnit4ClassRunner.runChild(BlockJUnit4ClassRunner.java:57)
	at org.junit.runners.ParentRunner$3.run(ParentRunner.java:290)
	at org.junit.runners.ParentRunner$1.schedule(ParentRunner.java:71)
	at org.junit.runners.ParentRunner.runChildren(ParentRunner.java:288)
	at org.junit.runners.ParentRunner.access$000(ParentRunner.java:58)
	at org.junit.runners.ParentRunner$2.evaluate(ParentRunner.java:268)
	at org.junit.runners.ParentRunner.run(ParentRunner.java:363)
	at org.gradle.api.internal.tasks.testing.junit.JUnitTestClassExecutor.runTestClass(JUnitTestClassExecutor.java:106)
	at org.gradle.api.internal.tasks.testing.junit.JUnitTestClassExecutor.execute(JUnitTestClassExecutor.java:58)
	at org.gradle.api.internal.tasks.testing.junit.JUnitTestClassExecutor.execute(JUnitTestClassExecutor.java:38)
	at org.gradle.api.internal.tasks.testing.junit.AbstractJUnitTestClassProcessor.processTestClass(AbstractJUnitTestClassProcessor.java:66)
	at org.gradle.api.internal.tasks.testing.SuiteTestClassProcessor.processTestClass(SuiteTestClassProcessor.java:51)
	at sun.reflect.NativeMethodAccessorImpl.invoke0(Native Method)
	at sun.reflect.NativeMethodAccessorImpl.invoke(NativeMethodAccessorImpl.java:62)
	at sun.reflect.DelegatingMethodAccessorImpl.invoke(DelegatingMethodAccessorImpl.java:43)
	at java.lang.reflect.Method.invoke(Method.java:498)
	at org.gradle.internal.dispatch.ReflectionDispatch.dispatch(ReflectionDispatch.java:35)
	at org.gradle.internal.dispatch.ReflectionDispatch.dispatch(ReflectionDispatch.java:24)
	at org.gradle.internal.dispatch.ContextClassLoaderDispatch.dispatch(ContextClassLoaderDispatch.java:32)
	at org.gradle.internal.dispatch.ProxyDispatchAdapter$DispatchingInvocationHandler.invoke(ProxyDispatchAdapter.java:93)
	at com.sun.proxy.$Proxy2.processTestClass(Unknown Source)
	at org.gradle.api.internal.tasks.testing.worker.TestWorker.processTestClass(TestWorker.java:117)
	at sun.reflect.NativeMethodAccessorImpl.invoke0(Native Method)
	at sun.reflect.NativeMethodAccessorImpl.invoke(NativeMethodAccessorImpl.java:62)
	at sun.reflect.DelegatingMethodAccessorImpl.invoke(DelegatingMethodAccessorImpl.java:43)
	at java.lang.reflect.Method.invoke(Method.java:498)
	at org.gradle.internal.dispatch.ReflectionDispatch.dispatch(ReflectionDispatch.java:35)
	at org.gradle.internal.dispatch.ReflectionDispatch.dispatch(ReflectionDispatch.java:24)
	at org.gradle.internal.remote.internal.hub.MessageHubBackedObjectConnection$DispatchWrapper.dispatch(MessageHubBackedObjectConnection.java:155)
	at org.gradle.internal.remote.internal.hub.MessageHubBackedObjectConnection$DispatchWrapper.dispatch(MessageHubBackedObjectConnection.java:137)
	at org.gradle.internal.remote.internal.hub.MessageHub$Handler.run(MessageHub.java:404)
	at org.gradle.internal.concurrent.ExecutorPolicy$CatchAndRecordFailures.onExecute(ExecutorPolicy.java:63)
	at org.gradle.internal.concurrent.ManagedExecutorImpl$1.run(ManagedExecutorImpl.java:46)
	at java.util.concurrent.ThreadPoolExecutor.runWorker(ThreadPoolExecutor.java:1149)
	at java.util.concurrent.ThreadPoolExecutor$Worker.run(ThreadPoolExecutor.java:624)
	at org.gradle.internal.concurrent.ThreadFactoryImpl$ManagedThreadRunnable.run(ThreadFactoryImpl.java:55)
	at java.lang.Thread.run(Thread.java:748)
Caused by: java.lang.StringIndexOutOfBoundsException: String index out of range: 2
	at java.lang.String.charAt(String.java:658)
	at roman.RomanNumber.fromRoman(RomanNumber.java:132)
	at roman.RomanNumberTest.failAntecedent1(RomanNumberTest.java:182)
	at sun.reflect.NativeMethodAccessorImpl.invoke0(Native Method)
	at sun.reflect.NativeMethodAccessorImpl.invoke(NativeMethodAccessorImpl.java:62)
	at sun.reflect.DelegatingMethodAccessorImpl.invoke(DelegatingMethodAccessorImpl.java:43)
	at java.lang.reflect.Method.invoke(Method.java:498)
	at org.junit.runners.model.FrameworkMethod$1.runReflectiveCall(FrameworkMethod.java:50)
	at org.junit.internal.runners.model.ReflectiveCallable.run(ReflectiveCallable.java:12)
	at org.junit.runners.model.FrameworkMethod.invokeExplosively(FrameworkMethod.java:47)
	at org.junit.internal.runners.statements.InvokeMethod.evaluate(InvokeMethod.java:17)
	at org.junit.internal.runners.statements.ExpectException.evaluate(ExpectException.java:19)
	... 39 more
</failure>
  </testcase>
  <testcase name="failAntecedent2" classname="roman.RomanNumberTest" time="0.0">
    <failure message="java.lang.Exception: Unexpected exception, expected&lt;java.lang.IllegalArgumentException&gt; but was&lt;java.lang.StringIndexOutOfBoundsException&gt;" type="java.lang.Exception">java.lang.Exception: Unexpected exception, expected&lt;java.lang.IllegalArgumentException&gt; but was&lt;java.lang.StringIndexOutOfBoundsException&gt;
	at org.junit.internal.runners.statements.ExpectException.evaluate(ExpectException.java:28)
	at org.junit.runners.ParentRunner.runLeaf(ParentRunner.java:325)
	at org.junit.runners.BlockJUnit4ClassRunner.runChild(BlockJUnit4ClassRunner.java:78)
	at org.junit.runners.BlockJUnit4ClassRunner.runChild(BlockJUnit4ClassRunner.java:57)
	at org.junit.runners.ParentRunner$3.run(ParentRunner.java:290)
	at org.junit.runners.ParentRunner$1.schedule(ParentRunner.java:71)
	at org.junit.runners.ParentRunner.runChildren(ParentRunner.java:288)
	at org.junit.runners.ParentRunner.access$000(ParentRunner.java:58)
	at org.junit.runners.ParentRunner$2.evaluate(ParentRunner.java:268)
	at org.junit.runners.ParentRunner.run(ParentRunner.java:363)
	at org.gradle.api.internal.tasks.testing.junit.JUnitTestClassExecutor.runTestClass(JUnitTestClassExecutor.java:106)
	at org.gradle.api.internal.tasks.testing.junit.JUnitTestClassExecutor.execute(JUnitTestClassExecutor.java:58)
	at org.gradle.api.internal.tasks.testing.junit.JUnitTestClassExecutor.execute(JUnitTestClassExecutor.java:38)
	at org.gradle.api.internal.tasks.testing.junit.AbstractJUnitTestClassProcessor.processTestClass(AbstractJUnitTestClassProcessor.java:66)
	at org.gradle.api.internal.tasks.testing.SuiteTestClassProcessor.processTestClass(SuiteTestClassProcessor.java:51)
	at sun.reflect.NativeMethodAccessorImpl.invoke0(Native Method)
	at sun.reflect.NativeMethodAccessorImpl.invoke(NativeMethodAccessorImpl.java:62)
	at sun.reflect.DelegatingMethodAccessorImpl.invoke(DelegatingMethodAccessorImpl.java:43)
	at java.lang.reflect.Method.invoke(Method.java:498)
	at org.gradle.internal.dispatch.ReflectionDispatch.dispatch(ReflectionDispatch.java:35)
	at org.gradle.internal.dispatch.ReflectionDispatch.dispatch(ReflectionDispatch.java:24)
	at org.gradle.internal.dispatch.ContextClassLoaderDispatch.dispatch(ContextClassLoaderDispatch.java:32)
	at org.gradle.internal.dispatch.ProxyDispatchAdapter$DispatchingInvocationHandler.invoke(ProxyDispatchAdapter.java:93)
	at com.sun.proxy.$Proxy2.processTestClass(Unknown Source)
	at org.gradle.api.internal.tasks.testing.worker.TestWorker.processTestClass(TestWorker.java:117)
	at sun.reflect.NativeMethodAccessorImpl.invoke0(Native Method)
	at sun.reflect.NativeMethodAccessorImpl.invoke(NativeMethodAccessorImpl.java:62)
	at sun.reflect.DelegatingMethodAccessorImpl.invoke(DelegatingMethodAccessorImpl.java:43)
	at java.lang.reflect.Method.invoke(Method.java:498)
	at org.gradle.internal.dispatch.ReflectionDispatch.dispatch(ReflectionDispatch.java:35)
	at org.gradle.internal.dispatch.ReflectionDispatch.dispatch(ReflectionDispatch.java:24)
	at org.gradle.internal.remote.internal.hub.MessageHubBackedObjectConnection$DispatchWrapper.dispatch(MessageHubBackedObjectConnection.java:155)
	at org.gradle.internal.remote.internal.hub.MessageHubBackedObjectConnection$DispatchWrapper.dispatch(MessageHubBackedObjectConnection.java:137)
	at org.gradle.internal.remote.internal.hub.MessageHub$Handler.run(MessageHub.java:404)
	at org.gradle.internal.concurrent.ExecutorPolicy$CatchAndRecordFailures.onExecute(ExecutorPolicy.java:63)
	at org.gradle.internal.concurrent.ManagedExecutorImpl$1.run(ManagedExecutorImpl.java:46)
	at java.util.concurrent.ThreadPoolExecutor.runWorker(ThreadPoolExecutor.java:1149)
	at java.util.concurrent.ThreadPoolExecutor$Worker.run(ThreadPoolExecutor.java:624)
	at org.gradle.internal.concurrent.ThreadFactoryImpl$ManagedThreadRunnable.run(ThreadFactoryImpl.java:55)
	at java.lang.Thread.run(Thread.java:748)
Caused by: java.lang.StringIndexOutOfBoundsException: String index out of range: 3
	at java.lang.String.charAt(String.java:658)
	at roman.RomanNumber.fromRoman(RomanNumber.java:135)
	at roman.RomanNumberTest.failAntecedent2(RomanNumberTest.java:189)
	at sun.reflect.NativeMethodAccessorImpl.invoke0(Native Method)
	at sun.reflect.NativeMethodAccessorImpl.invoke(NativeMethodAccessorImpl.java:62)
	at sun.reflect.DelegatingMethodAccessorImpl.invoke(DelegatingMethodAccessorImpl.java:43)
	at java.lang.reflect.Method.invoke(Method.java:498)
	at org.junit.runners.model.FrameworkMethod$1.runReflectiveCall(FrameworkMethod.java:50)
	at org.junit.internal.runners.model.ReflectiveCallable.run(ReflectiveCallable.java:12)
	at org.junit.runners.model.FrameworkMethod.invokeExplosively(FrameworkMethod.java:47)
	at org.junit.internal.runners.statements.InvokeMethod.evaluate(InvokeMethod.java:17)
	at org.junit.internal.runners.statements.ExpectException.evaluate(ExpectException.java:19)
	... 39 more
</failure>
  </testcase>
  <testcase name="failAntecedent3" classname="roman.RomanNumberTest" time="0.0">
    <failure message="java.lang.Exception: Unexpected exception, expected&lt;java.lang.IllegalArgumentException&gt; but was&lt;java.lang.StringIndexOutOfBoundsException&gt;" type="java.lang.Exception">java.lang.Exception: Unexpected exception, expected&lt;java.lang.IllegalArgumentException&gt; but was&lt;java.lang.StringIndexOutOfBoundsException&gt;
	at org.junit.internal.runners.statements.ExpectException.evaluate(ExpectException.java:28)
	at org.junit.runners.ParentRunner.runLeaf(ParentRunner.java:325)
	at org.junit.runners.BlockJUnit4ClassRunner.runChild(BlockJUnit4ClassRunner.java:78)
	at org.junit.runners.BlockJUnit4ClassRunner.runChild(BlockJUnit4ClassRunner.java:57)
	at org.junit.runners.ParentRunner$3.run(ParentRunner.java:290)
	at org.junit.runners.ParentRunner$1.schedule(ParentRunner.java:71)
	at org.junit.runners.ParentRunner.runChildren(ParentRunner.java:288)
	at org.junit.runners.ParentRunner.access$000(ParentRunner.java:58)
	at org.junit.runners.ParentRunner$2.evaluate(ParentRunner.java:268)
	at org.junit.runners.ParentRunner.run(ParentRunner.java:363)
	at org.gradle.api.internal.tasks.testing.junit.JUnitTestClassExecutor.runTestClass(JUnitTestClassExecutor.java:106)
	at org.gradle.api.internal.tasks.testing.junit.JUnitTestClassExecutor.execute(JUnitTestClassExecutor.java:58)
	at org.gradle.api.internal.tasks.testing.junit.JUnitTestClassExecutor.execute(JUnitTestClassExecutor.java:38)
	at org.gradle.api.internal.tasks.testing.junit.AbstractJUnitTestClassProcessor.processTestClass(AbstractJUnitTestClassProcessor.java:66)
	at org.gradle.api.internal.tasks.testing.SuiteTestClassProcessor.processTestClass(SuiteTestClassProcessor.java:51)
	at sun.reflect.NativeMethodAccessorImpl.invoke0(Native Method)
	at sun.reflect.NativeMethodAccessorImpl.invoke(NativeMethodAccessorImpl.java:62)
	at sun.reflect.DelegatingMethodAccessorImpl.invoke(DelegatingMethodAccessorImpl.java:43)
	at java.lang.reflect.Method.invoke(Method.java:498)
	at org.gradle.internal.dispatch.ReflectionDispatch.dispatch(ReflectionDispatch.java:35)
	at org.gradle.internal.dispatch.ReflectionDispatch.dispatch(ReflectionDispatch.java:24)
	at org.gradle.internal.dispatch.ContextClassLoaderDispatch.dispatch(ContextClassLoaderDispatch.java:32)
	at org.gradle.internal.dispatch.ProxyDispatchAdapter$DispatchingInvocationHandler.invoke(ProxyDispatchAdapter.java:93)
	at com.sun.proxy.$Proxy2.processTestClass(Unknown Source)
	at org.gradle.api.internal.tasks.testing.worker.TestWorker.processTestClass(TestWorker.java:117)
	at sun.reflect.NativeMethodAccessorImpl.invoke0(Native Method)
	at sun.reflect.NativeMethodAccessorImpl.invoke(NativeMethodAccessorImpl.java:62)
	at sun.reflect.DelegatingMethodAccessorImpl.invoke(DelegatingMethodAccessorImpl.java:43)
	at java.lang.reflect.Method.invoke(Method.java:498)
	at org.gradle.internal.dispatch.ReflectionDispatch.dispatch(ReflectionDispatch.java:35)
	at org.gradle.internal.dispatch.ReflectionDispatch.dispatch(ReflectionDispatch.java:24)
	at org.gradle.internal.remote.internal.hub.MessageHubBackedObjectConnection$DispatchWrapper.dispatch(MessageHubBackedObjectConnection.java:155)
	at org.gradle.internal.remote.internal.hub.MessageHubBackedObjectConnection$DispatchWrapper.dispatch(MessageHubBackedObjectConnection.java:137)
	at org.gradle.internal.remote.internal.hub.MessageHub$Handler.run(MessageHub.java:404)
	at org.gradle.internal.concurrent.ExecutorPolicy$CatchAndRecordFailures.onExecute(ExecutorPolicy.java:63)
	at org.gradle.internal.concurrent.ManagedExecutorImpl$1.run(ManagedExecutorImpl.java:46)
	at java.util.concurrent.ThreadPoolExecutor.runWorker(ThreadPoolExecutor.java:1149)
	at java.util.concurrent.ThreadPoolExecutor$Worker.run(ThreadPoolExecutor.java:624)
	at org.gradle.internal.concurrent.ThreadFactoryImpl$ManagedThreadRunnable.run(ThreadFactoryImpl.java:55)
	at java.lang.Thread.run(Thread.java:748)
Caused by: java.lang.StringIndexOutOfBoundsException: String index out of range: 3
	at java.lang.String.charAt(String.java:658)
	at roman.RomanNumber.fromRoman(RomanNumber.java:135)
	at roman.RomanNumberTest.failAntecedent3(RomanNumberTest.java:197)
	at sun.reflect.NativeMethodAccessorImpl.invoke0(Native Method)
	at sun.reflect.NativeMethodAccessorImpl.invoke(NativeMethodAccessorImpl.java:62)
	at sun.reflect.DelegatingMethodAccessorImpl.invoke(DelegatingMethodAccessorImpl.java:43)
	at java.lang.reflect.Method.invoke(Method.java:498)
	at org.junit.runners.model.FrameworkMethod$1.runReflectiveCall(FrameworkMethod.java:50)
	at org.junit.internal.runners.model.ReflectiveCallable.run(ReflectiveCallable.java:12)
	at org.junit.runners.model.FrameworkMethod.invokeExplosively(FrameworkMethod.java:47)
	at org.junit.internal.runners.statements.InvokeMethod.evaluate(InvokeMethod.java:17)
	at org.junit.internal.runners.statements.ExpectException.evaluate(ExpectException.java:19)
	... 39 more
</failure>
  </testcase>
  <testcase name="failOutOfBound" classname="roman.RomanNumberTest" time="0.0"/>
  <testcase name="validToRomanRCap" classname="roman.RomanNumberTest" time="0.141"/>
  <testcase name="failAntecedent" classname="roman.RomanNumberTest" time="0.0"/>
  <testcase name="validityInt" classname="roman.RomanNumberTest" time="0.001">
    <failure message="java.lang.IllegalArgumentException" type="java.lang.IllegalArgumentException">java.lang.IllegalArgumentException
	at roman.RomanNumber.fromRoman(RomanNumber.java:96)
	at roman.RomanNumberTest.validityInt(RomanNumberTest.java:204)
	at sun.reflect.NativeMethodAccessorImpl.invoke0(Native Method)
	at sun.reflect.NativeMethodAccessorImpl.invoke(NativeMethodAccessorImpl.java:62)
	at sun.reflect.DelegatingMethodAccessorImpl.invoke(DelegatingMethodAccessorImpl.java:43)
	at java.lang.reflect.Method.invoke(Method.java:498)
	at org.junit.runners.model.FrameworkMethod$1.runReflectiveCall(FrameworkMethod.java:50)
	at org.junit.internal.runners.model.ReflectiveCallable.run(ReflectiveCallable.java:12)
	at org.junit.runners.model.FrameworkMethod.invokeExplosively(FrameworkMethod.java:47)
	at org.junit.internal.runners.statements.InvokeMethod.evaluate(InvokeMethod.java:17)
	at org.junit.runners.ParentRunner.runLeaf(ParentRunner.java:325)
	at org.junit.runners.BlockJUnit4ClassRunner.runChild(BlockJUnit4ClassRunner.java:78)
	at org.junit.runners.BlockJUnit4ClassRunner.runChild(BlockJUnit4ClassRunner.java:57)
	at org.junit.runners.ParentRunner$3.run(ParentRunner.java:290)
	at org.junit.runners.ParentRunner$1.schedule(ParentRunner.java:71)
	at org.junit.runners.ParentRunner.runChildren(ParentRunner.java:288)
	at org.junit.runners.ParentRunner.access$000(ParentRunner.java:58)
	at org.junit.runners.ParentRunner$2.evaluate(ParentRunner.java:268)
	at org.junit.runners.ParentRunner.run(ParentRunner.java:363)
	at org.gradle.api.internal.tasks.testing.junit.JUnitTestClassExecutor.runTestClass(JUnitTestClassExecutor.java:106)
	at org.gradle.api.internal.tasks.testing.junit.JUnitTestClassExecutor.execute(JUnitTestClassExecutor.java:58)
	at org.gradle.api.internal.tasks.testing.junit.JUnitTestClassExecutor.execute(JUnitTestClassExecutor.java:38)
	at org.gradle.api.internal.tasks.testing.junit.AbstractJUnitTestClassProcessor.processTestClass(AbstractJUnitTestClassProcessor.java:66)
	at org.gradle.api.internal.tasks.testing.SuiteTestClassProcessor.processTestClass(SuiteTestClassProcessor.java:51)
	at sun.reflect.NativeMethodAccessorImpl.invoke0(Native Method)
	at sun.reflect.NativeMethodAccessorImpl.invoke(NativeMethodAccessorImpl.java:62)
	at sun.reflect.DelegatingMethodAccessorImpl.invoke(DelegatingMethodAccessorImpl.java:43)
	at java.lang.reflect.Method.invoke(Method.java:498)
	at org.gradle.internal.dispatch.ReflectionDispatch.dispatch(ReflectionDispatch.java:35)
	at org.gradle.internal.dispatch.ReflectionDispatch.dispatch(ReflectionDispatch.java:24)
	at org.gradle.internal.dispatch.ContextClassLoaderDispatch.dispatch(ContextClassLoaderDispatch.java:32)
	at org.gradle.internal.dispatch.ProxyDispatchAdapter$DispatchingInvocationHandler.invoke(ProxyDispatchAdapter.java:93)
	at com.sun.proxy.$Proxy2.processTestClass(Unknown Source)
	at org.gradle.api.internal.tasks.testing.worker.TestWorker.processTestClass(TestWorker.java:117)
	at sun.reflect.NativeMethodAccessorImpl.invoke0(Native Method)
	at sun.reflect.NativeMethodAccessorImpl.invoke(NativeMethodAccessorImpl.java:62)
	at sun.reflect.DelegatingMethodAccessorImpl.invoke(DelegatingMethodAccessorImpl.java:43)
	at java.lang.reflect.Method.invoke(Method.java:498)
	at org.gradle.internal.dispatch.ReflectionDispatch.dispatch(ReflectionDispatch.java:35)
	at org.gradle.internal.dispatch.ReflectionDispatch.dispatch(ReflectionDispatch.java:24)
	at org.gradle.internal.remote.internal.hub.MessageHubBackedObjectConnection$DispatchWrapper.dispatch(MessageHubBackedObjectConnection.java:155)
	at org.gradle.internal.remote.internal.hub.MessageHubBackedObjectConnection$DispatchWrapper.dispatch(MessageHubBackedObjectConnection.java:137)
	at org.gradle.internal.remote.internal.hub.MessageHub$Handler.run(MessageHub.java:404)
	at org.gradle.internal.concurrent.ExecutorPolicy$CatchAndRecordFailures.onExecute(ExecutorPolicy.java:63)
	at org.gradle.internal.concurrent.ManagedExecutorImpl$1.run(ManagedExecutorImpl.java:46)
	at java.util.concurrent.ThreadPoolExecutor.runWorker(ThreadPoolExecutor.java:1149)
	at java.util.concurrent.ThreadPoolExecutor$Worker.run(ThreadPoolExecutor.java:624)
	at org.gradle.internal.concurrent.ThreadFactoryImpl$ManagedThreadRunnable.run(ThreadFactoryImpl.java:55)
	at java.lang.Thread.run(Thread.java:748)
</failure>
  </testcase>
  <testcase name="intToRomN" classname="roman.RomanNumberTest" time="0.0">
    <failure message="org.junit.ComparisonFailure: expected:&lt;[]&gt; but was:&lt;[VI]&gt;" type="org.junit.ComparisonFailure">org.junit.ComparisonFailure: expected:&lt;[]&gt; but was:&lt;[VI]&gt;
	at org.junit.Assert.assertEquals(Assert.java:115)
	at org.junit.Assert.assertEquals(Assert.java:144)
	at roman.RomanNumberTest.intToRomN(RomanNumberTest.java:104)
	at sun.reflect.NativeMethodAccessorImpl.invoke0(Native Method)
	at sun.reflect.NativeMethodAccessorImpl.invoke(NativeMethodAccessorImpl.java:62)
	at sun.reflect.DelegatingMethodAccessorImpl.invoke(DelegatingMethodAccessorImpl.java:43)
	at java.lang.reflect.Method.invoke(Method.java:498)
	at org.junit.runners.model.FrameworkMethod$1.runReflectiveCall(FrameworkMethod.java:50)
	at org.junit.internal.runners.model.ReflectiveCallable.run(ReflectiveCallable.java:12)
	at org.junit.runners.model.FrameworkMethod.invokeExplosively(FrameworkMethod.java:47)
	at org.junit.internal.runners.statements.InvokeMethod.evaluate(InvokeMethod.java:17)
	at org.junit.runners.ParentRunner.runLeaf(ParentRunner.java:325)
	at org.junit.runners.BlockJUnit4ClassRunner.runChild(BlockJUnit4ClassRunner.java:78)
	at org.junit.runners.BlockJUnit4ClassRunner.runChild(BlockJUnit4ClassRunner.java:57)
	at org.junit.runners.ParentRunner$3.run(ParentRunner.java:290)
	at org.junit.runners.ParentRunner$1.schedule(ParentRunner.java:71)
	at org.junit.runners.ParentRunner.runChildren(ParentRunner.java:288)
	at org.junit.runners.ParentRunner.access$000(ParentRunner.java:58)
	at org.junit.runners.ParentRunner$2.evaluate(ParentRunner.java:268)
	at org.junit.runners.ParentRunner.run(ParentRunner.java:363)
	at org.gradle.api.internal.tasks.testing.junit.JUnitTestClassExecutor.runTestClass(JUnitTestClassExecutor.java:106)
	at org.gradle.api.internal.tasks.testing.junit.JUnitTestClassExecutor.execute(JUnitTestClassExecutor.java:58)
	at org.gradle.api.internal.tasks.testing.junit.JUnitTestClassExecutor.execute(JUnitTestClassExecutor.java:38)
	at org.gradle.api.internal.tasks.testing.junit.AbstractJUnitTestClassProcessor.processTestClass(AbstractJUnitTestClassProcessor.java:66)
	at org.gradle.api.internal.tasks.testing.SuiteTestClassProcessor.processTestClass(SuiteTestClassProcessor.java:51)
	at sun.reflect.NativeMethodAccessorImpl.invoke0(Native Method)
	at sun.reflect.NativeMethodAccessorImpl.invoke(NativeMethodAccessorImpl.java:62)
	at sun.reflect.DelegatingMethodAccessorImpl.invoke(DelegatingMethodAccessorImpl.java:43)
	at java.lang.reflect.Method.invoke(Method.java:498)
	at org.gradle.internal.dispatch.ReflectionDispatch.dispatch(ReflectionDispatch.java:35)
	at org.gradle.internal.dispatch.ReflectionDispatch.dispatch(ReflectionDispatch.java:24)
	at org.gradle.internal.dispatch.ContextClassLoaderDispatch.dispatch(ContextClassLoaderDispatch.java:32)
	at org.gradle.internal.dispatch.ProxyDispatchAdapter$DispatchingInvocationHandler.invoke(ProxyDispatchAdapter.java:93)
	at com.sun.proxy.$Proxy2.processTestClass(Unknown Source)
	at org.gradle.api.internal.tasks.testing.worker.TestWorker.processTestClass(TestWorker.java:117)
	at sun.reflect.NativeMethodAccessorImpl.invoke0(Native Method)
	at sun.reflect.NativeMethodAccessorImpl.invoke(NativeMethodAccessorImpl.java:62)
	at sun.reflect.DelegatingMethodAccessorImpl.invoke(DelegatingMethodAccessorImpl.java:43)
	at java.lang.reflect.Method.invoke(Method.java:498)
	at org.gradle.internal.dispatch.ReflectionDispatch.dispatch(ReflectionDispatch.java:35)
	at org.gradle.internal.dispatch.ReflectionDispatch.dispatch(ReflectionDispatch.java:24)
	at org.gradle.internal.remote.internal.hub.MessageHubBackedObjectConnection$DispatchWrapper.dispatch(MessageHubBackedObjectConnection.java:155)
	at org.gradle.internal.remote.internal.hub.MessageHubBackedObjectConnection$DispatchWrapper.dispatch(MessageHubBackedObjectConnection.java:137)
	at org.gradle.internal.remote.internal.hub.MessageHub$Handler.run(MessageHub.java:404)
	at org.gradle.internal.concurrent.ExecutorPolicy$CatchAndRecordFailures.onExecute(ExecutorPolicy.java:63)
	at org.gradle.internal.concurrent.ManagedExecutorImpl$1.run(ManagedExecutorImpl.java:46)
	at java.util.concurrent.ThreadPoolExecutor.runWorker(ThreadPoolExecutor.java:1149)
	at java.util.concurrent.ThreadPoolExecutor$Worker.run(ThreadPoolExecutor.java:624)
	at org.gradle.internal.concurrent.ThreadFactoryImpl$ManagedThreadRunnable.run(ThreadFactoryImpl.java:55)
	at java.lang.Thread.run(Thread.java:748)
</failure>
  </testcase>
  <testcase name="fromRomanKnownValues" classname="roman.RomanNumberTest" time="0.0">
    <failure message="java.lang.IllegalArgumentException" type="java.lang.IllegalArgumentException">java.lang.IllegalArgumentException
	at roman.RomanNumber.fromRoman(RomanNumber.java:96)
	at roman.RomanNumber.&lt;init&gt;(RomanNumber.java:39)
	at roman.RomanNumber.valueOf(RomanNumber.java:87)
	at roman.RomanNumberTest.fromRomanKnownValues(RomanNumberTest.java:78)
	at sun.reflect.NativeMethodAccessorImpl.invoke0(Native Method)
	at sun.reflect.NativeMethodAccessorImpl.invoke(NativeMethodAccessorImpl.java:62)
	at sun.reflect.DelegatingMethodAccessorImpl.invoke(DelegatingMethodAccessorImpl.java:43)
	at java.lang.reflect.Method.invoke(Method.java:498)
	at org.junit.runners.model.FrameworkMethod$1.runReflectiveCall(FrameworkMethod.java:50)
	at org.junit.internal.runners.model.ReflectiveCallable.run(ReflectiveCallable.java:12)
	at org.junit.runners.model.FrameworkMethod.invokeExplosively(FrameworkMethod.java:47)
	at org.junit.internal.runners.statements.InvokeMethod.evaluate(InvokeMethod.java:17)
	at org.junit.runners.ParentRunner.runLeaf(ParentRunner.java:325)
	at org.junit.runners.BlockJUnit4ClassRunner.runChild(BlockJUnit4ClassRunner.java:78)
	at org.junit.runners.BlockJUnit4ClassRunner.runChild(BlockJUnit4ClassRunner.java:57)
	at org.junit.runners.ParentRunner$3.run(ParentRunner.java:290)
	at org.junit.runners.ParentRunner$1.schedule(ParentRunner.java:71)
	at org.junit.runners.ParentRunner.runChildren(ParentRunner.java:288)
	at org.junit.runners.ParentRunner.access$000(ParentRunner.java:58)
	at org.junit.runners.ParentRunner$2.evaluate(ParentRunner.java:268)
	at org.junit.runners.ParentRunner.run(ParentRunner.java:363)
	at org.gradle.api.internal.tasks.testing.junit.JUnitTestClassExecutor.runTestClass(JUnitTestClassExecutor.java:106)
	at org.gradle.api.internal.tasks.testing.junit.JUnitTestClassExecutor.execute(JUnitTestClassExecutor.java:58)
	at org.gradle.api.internal.tasks.testing.junit.JUnitTestClassExecutor.execute(JUnitTestClassExecutor.java:38)
	at org.gradle.api.internal.tasks.testing.junit.AbstractJUnitTestClassProcessor.processTestClass(AbstractJUnitTestClassProcessor.java:66)
	at org.gradle.api.internal.tasks.testing.SuiteTestClassProcessor.processTestClass(SuiteTestClassProcessor.java:51)
	at sun.reflect.NativeMethodAccessorImpl.invoke0(Native Method)
	at sun.reflect.NativeMethodAccessorImpl.invoke(NativeMethodAccessorImpl.java:62)
	at sun.reflect.DelegatingMethodAccessorImpl.invoke(DelegatingMethodAccessorImpl.java:43)
	at java.lang.reflect.Method.invoke(Method.java:498)
	at org.gradle.internal.dispatch.ReflectionDispatch.dispatch(ReflectionDispatch.java:35)
	at org.gradle.internal.dispatch.ReflectionDispatch.dispatch(ReflectionDispatch.java:24)
	at org.gradle.internal.dispatch.ContextClassLoaderDispatch.dispatch(ContextClassLoaderDispatch.java:32)
	at org.gradle.internal.dispatch.ProxyDispatchAdapter$DispatchingInvocationHandler.invoke(ProxyDispatchAdapter.java:93)
	at com.sun.proxy.$Proxy2.processTestClass(Unknown Source)
	at org.gradle.api.internal.tasks.testing.worker.TestWorker.processTestClass(TestWorker.java:117)
	at sun.reflect.NativeMethodAccessorImpl.invoke0(Native Method)
	at sun.reflect.NativeMethodAccessorImpl.invoke(NativeMethodAccessorImpl.java:62)
	at sun.reflect.DelegatingMethodAccessorImpl.invoke(DelegatingMethodAccessorImpl.java:43)
	at java.lang.reflect.Method.invoke(Method.java:498)
	at org.gradle.internal.dispatch.ReflectionDispatch.dispatch(ReflectionDispatch.java:35)
	at org.gradle.internal.dispatch.ReflectionDispatch.dispatch(ReflectionDispatch.java:24)
	at org.gradle.internal.remote.internal.hub.MessageHubBackedObjectConnection$DispatchWrapper.dispatch(MessageHubBackedObjectConnection.java:155)
	at org.gradle.internal.remote.internal.hub.MessageHubBackedObjectConnection$DispatchWrapper.dispatch(MessageHubBackedObjectConnection.java:137)
	at org.gradle.internal.remote.internal.hub.MessageHub$Handler.run(MessageHub.java:404)
	at org.gradle.internal.concurrent.ExecutorPolicy$CatchAndRecordFailures.onExecute(ExecutorPolicy.java:63)
	at org.gradle.internal.concurrent.ManagedExecutorImpl$1.run(ManagedExecutorImpl.java:46)
	at java.util.concurrent.ThreadPoolExecutor.runWorker(ThreadPoolExecutor.java:1149)
	at java.util.concurrent.ThreadPoolExecutor$Worker.run(ThreadPoolExecutor.java:624)
	at org.gradle.internal.concurrent.ThreadFactoryImpl$ManagedThreadRunnable.run(ThreadFactoryImpl.java:55)
	at java.lang.Thread.run(Thread.java:748)
</failure>
  </testcase>
  <testcase name="toRomanZero" classname="roman.RomanNumberTest" time="0.0">
    <failure message="java.lang.AssertionError: Expected exception: java.lang.IllegalArgumentException" type="java.lang.AssertionError">java.lang.AssertionError: Expected exception: java.lang.IllegalArgumentException
	at org.junit.internal.runners.statements.ExpectException.evaluate(ExpectException.java:32)
	at org.junit.runners.ParentRunner.runLeaf(ParentRunner.java:325)
	at org.junit.runners.BlockJUnit4ClassRunner.runChild(BlockJUnit4ClassRunner.java:78)
	at org.junit.runners.BlockJUnit4ClassRunner.runChild(BlockJUnit4ClassRunner.java:57)
	at org.junit.runners.ParentRunner$3.run(ParentRunner.java:290)
	at org.junit.runners.ParentRunner$1.schedule(ParentRunner.java:71)
	at org.junit.runners.ParentRunner.runChildren(ParentRunner.java:288)
	at org.junit.runners.ParentRunner.access$000(ParentRunner.java:58)
	at org.junit.runners.ParentRunner$2.evaluate(ParentRunner.java:268)
	at org.junit.runners.ParentRunner.run(ParentRunner.java:363)
	at org.gradle.api.internal.tasks.testing.junit.JUnitTestClassExecutor.runTestClass(JUnitTestClassExecutor.java:106)
	at org.gradle.api.internal.tasks.testing.junit.JUnitTestClassExecutor.execute(JUnitTestClassExecutor.java:58)
	at org.gradle.api.internal.tasks.testing.junit.JUnitTestClassExecutor.execute(JUnitTestClassExecutor.java:38)
	at org.gradle.api.internal.tasks.testing.junit.AbstractJUnitTestClassProcessor.processTestClass(AbstractJUnitTestClassProcessor.java:66)
	at org.gradle.api.internal.tasks.testing.SuiteTestClassProcessor.processTestClass(SuiteTestClassProcessor.java:51)
	at sun.reflect.NativeMethodAccessorImpl.invoke0(Native Method)
	at sun.reflect.NativeMethodAccessorImpl.invoke(NativeMethodAccessorImpl.java:62)
	at sun.reflect.DelegatingMethodAccessorImpl.invoke(DelegatingMethodAccessorImpl.java:43)
	at java.lang.reflect.Method.invoke(Method.java:498)
	at org.gradle.internal.dispatch.ReflectionDispatch.dispatch(ReflectionDispatch.java:35)
	at org.gradle.internal.dispatch.ReflectionDispatch.dispatch(ReflectionDispatch.java:24)
	at org.gradle.internal.dispatch.ContextClassLoaderDispatch.dispatch(ContextClassLoaderDispatch.java:32)
	at org.gradle.internal.dispatch.ProxyDispatchAdapter$DispatchingInvocationHandler.invoke(ProxyDispatchAdapter.java:93)
	at com.sun.proxy.$Proxy2.processTestClass(Unknown Source)
	at org.gradle.api.internal.tasks.testing.worker.TestWorker.processTestClass(TestWorker.java:117)
	at sun.reflect.NativeMethodAccessorImpl.invoke0(Native Method)
	at sun.reflect.NativeMethodAccessorImpl.invoke(NativeMethodAccessorImpl.java:62)
	at sun.reflect.DelegatingMethodAccessorImpl.invoke(DelegatingMethodAccessorImpl.java:43)
	at java.lang.reflect.Method.invoke(Method.java:498)
	at org.gradle.internal.dispatch.ReflectionDispatch.dispatch(ReflectionDispatch.java:35)
	at org.gradle.internal.dispatch.ReflectionDispatch.dispatch(ReflectionDispatch.java:24)
	at org.gradle.internal.remote.internal.hub.MessageHubBackedObjectConnection$DispatchWrapper.dispatch(MessageHubBackedObjectConnection.java:155)
	at org.gradle.internal.remote.internal.hub.MessageHubBackedObjectConnection$DispatchWrapper.dispatch(MessageHubBackedObjectConnection.java:137)
	at org.gradle.internal.remote.internal.hub.MessageHub$Handler.run(MessageHub.java:404)
	at org.gradle.internal.concurrent.ExecutorPolicy$CatchAndRecordFailures.onExecute(ExecutorPolicy.java:63)
	at org.gradle.internal.concurrent.ManagedExecutorImpl$1.run(ManagedExecutorImpl.java:46)
	at java.util.concurrent.ThreadPoolExecutor.runWorker(ThreadPoolExecutor.java:1149)
	at java.util.concurrent.ThreadPoolExecutor$Worker.run(ThreadPoolExecutor.java:624)
	at org.gradle.internal.concurrent.ThreadFactoryImpl$ManagedThreadRunnable.run(ThreadFactoryImpl.java:55)
	at java.lang.Thread.run(Thread.java:748)
</failure>
  </testcase>
  <testcase name="failTooMuchSymbolC" classname="roman.RomanNumberTest" time="0.001">
    <failure message="java.lang.Exception: Unexpected exception, expected&lt;java.lang.IllegalArgumentException&gt; but was&lt;java.lang.StringIndexOutOfBoundsException&gt;" type="java.lang.Exception">java.lang.Exception: Unexpected exception, expected&lt;java.lang.IllegalArgumentException&gt; but was&lt;java.lang.StringIndexOutOfBoundsException&gt;
	at org.junit.internal.runners.statements.ExpectException.evaluate(ExpectException.java:28)
	at org.junit.runners.ParentRunner.runLeaf(ParentRunner.java:325)
	at org.junit.runners.BlockJUnit4ClassRunner.runChild(BlockJUnit4ClassRunner.java:78)
	at org.junit.runners.BlockJUnit4ClassRunner.runChild(BlockJUnit4ClassRunner.java:57)
	at org.junit.runners.ParentRunner$3.run(ParentRunner.java:290)
	at org.junit.runners.ParentRunner$1.schedule(ParentRunner.java:71)
	at org.junit.runners.ParentRunner.runChildren(ParentRunner.java:288)
	at org.junit.runners.ParentRunner.access$000(ParentRunner.java:58)
	at org.junit.runners.ParentRunner$2.evaluate(ParentRunner.java:268)
	at org.junit.runners.ParentRunner.run(ParentRunner.java:363)
	at org.gradle.api.internal.tasks.testing.junit.JUnitTestClassExecutor.runTestClass(JUnitTestClassExecutor.java:106)
	at org.gradle.api.internal.tasks.testing.junit.JUnitTestClassExecutor.execute(JUnitTestClassExecutor.java:58)
	at org.gradle.api.internal.tasks.testing.junit.JUnitTestClassExecutor.execute(JUnitTestClassExecutor.java:38)
	at org.gradle.api.internal.tasks.testing.junit.AbstractJUnitTestClassProcessor.processTestClass(AbstractJUnitTestClassProcessor.java:66)
	at org.gradle.api.internal.tasks.testing.SuiteTestClassProcessor.processTestClass(SuiteTestClassProcessor.java:51)
	at sun.reflect.NativeMethodAccessorImpl.invoke0(Native Method)
	at sun.reflect.NativeMethodAccessorImpl.invoke(NativeMethodAccessorImpl.java:62)
	at sun.reflect.DelegatingMethodAccessorImpl.invoke(DelegatingMethodAccessorImpl.java:43)
	at java.lang.reflect.Method.invoke(Method.java:498)
	at org.gradle.internal.dispatch.ReflectionDispatch.dispatch(ReflectionDispatch.java:35)
	at org.gradle.internal.dispatch.ReflectionDispatch.dispatch(ReflectionDispatch.java:24)
	at org.gradle.internal.dispatch.ContextClassLoaderDispatch.dispatch(ContextClassLoaderDispatch.java:32)
	at org.gradle.internal.dispatch.ProxyDispatchAdapter$DispatchingInvocationHandler.invoke(ProxyDispatchAdapter.java:93)
	at com.sun.proxy.$Proxy2.processTestClass(Unknown Source)
	at org.gradle.api.internal.tasks.testing.worker.TestWorker.processTestClass(TestWorker.java:117)
	at sun.reflect.NativeMethodAccessorImpl.invoke0(Native Method)
	at sun.reflect.NativeMethodAccessorImpl.invoke(NativeMethodAccessorImpl.java:62)
	at sun.reflect.DelegatingMethodAccessorImpl.invoke(DelegatingMethodAccessorImpl.java:43)
	at java.lang.reflect.Method.invoke(Method.java:498)
	at org.gradle.internal.dispatch.ReflectionDispatch.dispatch(ReflectionDispatch.java:35)
	at org.gradle.internal.dispatch.ReflectionDispatch.dispatch(ReflectionDispatch.java:24)
	at org.gradle.internal.remote.internal.hub.MessageHubBackedObjectConnection$DispatchWrapper.dispatch(MessageHubBackedObjectConnection.java:155)
	at org.gradle.internal.remote.internal.hub.MessageHubBackedObjectConnection$DispatchWrapper.dispatch(MessageHubBackedObjectConnection.java:137)
	at org.gradle.internal.remote.internal.hub.MessageHub$Handler.run(MessageHub.java:404)
	at org.gradle.internal.concurrent.ExecutorPolicy$CatchAndRecordFailures.onExecute(ExecutorPolicy.java:63)
	at org.gradle.internal.concurrent.ManagedExecutorImpl$1.run(ManagedExecutorImpl.java:46)
	at java.util.concurrent.ThreadPoolExecutor.runWorker(ThreadPoolExecutor.java:1149)
	at java.util.concurrent.ThreadPoolExecutor$Worker.run(ThreadPoolExecutor.java:624)
	at org.gradle.internal.concurrent.ThreadFactoryImpl$ManagedThreadRunnable.run(ThreadFactoryImpl.java:55)
	at java.lang.Thread.run(Thread.java:748)
Caused by: java.lang.StringIndexOutOfBoundsException: String index out of range: 4
	at java.lang.String.charAt(String.java:658)
	at roman.RomanNumber.fromRoman(RomanNumber.java:131)
	at roman.RomanNumberTest.failTooMuchSymbolC(RomanNumberTest.java:154)
	at sun.reflect.NativeMethodAccessorImpl.invoke0(Native Method)
	at sun.reflect.NativeMethodAccessorImpl.invoke(NativeMethodAccessorImpl.java:62)
	at sun.reflect.DelegatingMethodAccessorImpl.invoke(DelegatingMethodAccessorImpl.java:43)
	at java.lang.reflect.Method.invoke(Method.java:498)
	at org.junit.runners.model.FrameworkMethod$1.runReflectiveCall(FrameworkMethod.java:50)
	at org.junit.internal.runners.model.ReflectiveCallable.run(ReflectiveCallable.java:12)
	at org.junit.runners.model.FrameworkMethod.invokeExplosively(FrameworkMethod.java:47)
	at org.junit.internal.runners.statements.InvokeMethod.evaluate(InvokeMethod.java:17)
	at org.junit.internal.runners.statements.ExpectException.evaluate(ExpectException.java:19)
	... 39 more
</failure>
  </testcase>
  <testcase name="failTooMuchSymbolI" classname="roman.RomanNumberTest" time="0.0">
    <failure message="java.lang.Exception: Unexpected exception, expected&lt;java.lang.IllegalArgumentException&gt; but was&lt;java.lang.StringIndexOutOfBoundsException&gt;" type="java.lang.Exception">java.lang.Exception: Unexpected exception, expected&lt;java.lang.IllegalArgumentException&gt; but was&lt;java.lang.StringIndexOutOfBoundsException&gt;
	at org.junit.internal.runners.statements.ExpectException.evaluate(ExpectException.java:28)
	at org.junit.runners.ParentRunner.runLeaf(ParentRunner.java:325)
	at org.junit.runners.BlockJUnit4ClassRunner.runChild(BlockJUnit4ClassRunner.java:78)
	at org.junit.runners.BlockJUnit4ClassRunner.runChild(BlockJUnit4ClassRunner.java:57)
	at org.junit.runners.ParentRunner$3.run(ParentRunner.java:290)
	at org.junit.runners.ParentRunner$1.schedule(ParentRunner.java:71)
	at org.junit.runners.ParentRunner.runChildren(ParentRunner.java:288)
	at org.junit.runners.ParentRunner.access$000(ParentRunner.java:58)
	at org.junit.runners.ParentRunner$2.evaluate(ParentRunner.java:268)
	at org.junit.runners.ParentRunner.run(ParentRunner.java:363)
	at org.gradle.api.internal.tasks.testing.junit.JUnitTestClassExecutor.runTestClass(JUnitTestClassExecutor.java:106)
	at org.gradle.api.internal.tasks.testing.junit.JUnitTestClassExecutor.execute(JUnitTestClassExecutor.java:58)
	at org.gradle.api.internal.tasks.testing.junit.JUnitTestClassExecutor.execute(JUnitTestClassExecutor.java:38)
	at org.gradle.api.internal.tasks.testing.junit.AbstractJUnitTestClassProcessor.processTestClass(AbstractJUnitTestClassProcessor.java:66)
	at org.gradle.api.internal.tasks.testing.SuiteTestClassProcessor.processTestClass(SuiteTestClassProcessor.java:51)
	at sun.reflect.NativeMethodAccessorImpl.invoke0(Native Method)
	at sun.reflect.NativeMethodAccessorImpl.invoke(NativeMethodAccessorImpl.java:62)
	at sun.reflect.DelegatingMethodAccessorImpl.invoke(DelegatingMethodAccessorImpl.java:43)
	at java.lang.reflect.Method.invoke(Method.java:498)
	at org.gradle.internal.dispatch.ReflectionDispatch.dispatch(ReflectionDispatch.java:35)
	at org.gradle.internal.dispatch.ReflectionDispatch.dispatch(ReflectionDispatch.java:24)
	at org.gradle.internal.dispatch.ContextClassLoaderDispatch.dispatch(ContextClassLoaderDispatch.java:32)
	at org.gradle.internal.dispatch.ProxyDispatchAdapter$DispatchingInvocationHandler.invoke(ProxyDispatchAdapter.java:93)
	at com.sun.proxy.$Proxy2.processTestClass(Unknown Source)
	at org.gradle.api.internal.tasks.testing.worker.TestWorker.processTestClass(TestWorker.java:117)
	at sun.reflect.NativeMethodAccessorImpl.invoke0(Native Method)
	at sun.reflect.NativeMethodAccessorImpl.invoke(NativeMethodAccessorImpl.java:62)
	at sun.reflect.DelegatingMethodAccessorImpl.invoke(DelegatingMethodAccessorImpl.java:43)
	at java.lang.reflect.Method.invoke(Method.java:498)
	at org.gradle.internal.dispatch.ReflectionDispatch.dispatch(ReflectionDispatch.java:35)
	at org.gradle.internal.dispatch.ReflectionDispatch.dispatch(ReflectionDispatch.java:24)
	at org.gradle.internal.remote.internal.hub.MessageHubBackedObjectConnection$DispatchWrapper.dispatch(MessageHubBackedObjectConnection.java:155)
	at org.gradle.internal.remote.internal.hub.MessageHubBackedObjectConnection$DispatchWrapper.dispatch(MessageHubBackedObjectConnection.java:137)
	at org.gradle.internal.remote.internal.hub.MessageHub$Handler.run(MessageHub.java:404)
	at org.gradle.internal.concurrent.ExecutorPolicy$CatchAndRecordFailures.onExecute(ExecutorPolicy.java:63)
	at org.gradle.internal.concurrent.ManagedExecutorImpl$1.run(ManagedExecutorImpl.java:46)
	at java.util.concurrent.ThreadPoolExecutor.runWorker(ThreadPoolExecutor.java:1149)
	at java.util.concurrent.ThreadPoolExecutor$Worker.run(ThreadPoolExecutor.java:624)
	at org.gradle.internal.concurrent.ThreadFactoryImpl$ManagedThreadRunnable.run(ThreadFactoryImpl.java:55)
	at java.lang.Thread.run(Thread.java:748)
Caused by: java.lang.StringIndexOutOfBoundsException: String index out of range: 4
	at java.lang.String.charAt(String.java:658)
	at roman.RomanNumber.fromRoman(RomanNumber.java:131)
	at roman.RomanNumberTest.failTooMuchSymbolI(RomanNumberTest.java:147)
	at sun.reflect.NativeMethodAccessorImpl.invoke0(Native Method)
	at sun.reflect.NativeMethodAccessorImpl.invoke(NativeMethodAccessorImpl.java:62)
	at sun.reflect.DelegatingMethodAccessorImpl.invoke(DelegatingMethodAccessorImpl.java:43)
	at java.lang.reflect.Method.invoke(Method.java:498)
	at org.junit.runners.model.FrameworkMethod$1.runReflectiveCall(FrameworkMethod.java:50)
	at org.junit.internal.runners.model.ReflectiveCallable.run(ReflectiveCallable.java:12)
	at org.junit.runners.model.FrameworkMethod.invokeExplosively(FrameworkMethod.java:47)
	at org.junit.internal.runners.statements.InvokeMethod.evaluate(InvokeMethod.java:17)
	at org.junit.internal.runners.statements.ExpectException.evaluate(ExpectException.java:19)
	... 39 more
</failure>
  </testcase>
  <testcase name="failTooMuchSymbolX" classname="roman.RomanNumberTest" time="0.0">
    <failure message="java.lang.Exception: Unexpected exception, expected&lt;java.lang.IllegalArgumentException&gt; but was&lt;java.lang.StringIndexOutOfBoundsException&gt;" type="java.lang.Exception">java.lang.Exception: Unexpected exception, expected&lt;java.lang.IllegalArgumentException&gt; but was&lt;java.lang.StringIndexOutOfBoundsException&gt;
	at org.junit.internal.runners.statements.ExpectException.evaluate(ExpectException.java:28)
	at org.junit.runners.ParentRunner.runLeaf(ParentRunner.java:325)
	at org.junit.runners.BlockJUnit4ClassRunner.runChild(BlockJUnit4ClassRunner.java:78)
	at org.junit.runners.BlockJUnit4ClassRunner.runChild(BlockJUnit4ClassRunner.java:57)
	at org.junit.runners.ParentRunner$3.run(ParentRunner.java:290)
	at org.junit.runners.ParentRunner$1.schedule(ParentRunner.java:71)
	at org.junit.runners.ParentRunner.runChildren(ParentRunner.java:288)
	at org.junit.runners.ParentRunner.access$000(ParentRunner.java:58)
	at org.junit.runners.ParentRunner$2.evaluate(ParentRunner.java:268)
	at org.junit.runners.ParentRunner.run(ParentRunner.java:363)
	at org.gradle.api.internal.tasks.testing.junit.JUnitTestClassExecutor.runTestClass(JUnitTestClassExecutor.java:106)
	at org.gradle.api.internal.tasks.testing.junit.JUnitTestClassExecutor.execute(JUnitTestClassExecutor.java:58)
	at org.gradle.api.internal.tasks.testing.junit.JUnitTestClassExecutor.execute(JUnitTestClassExecutor.java:38)
	at org.gradle.api.internal.tasks.testing.junit.AbstractJUnitTestClassProcessor.processTestClass(AbstractJUnitTestClassProcessor.java:66)
	at org.gradle.api.internal.tasks.testing.SuiteTestClassProcessor.processTestClass(SuiteTestClassProcessor.java:51)
	at sun.reflect.NativeMethodAccessorImpl.invoke0(Native Method)
	at sun.reflect.NativeMethodAccessorImpl.invoke(NativeMethodAccessorImpl.java:62)
	at sun.reflect.DelegatingMethodAccessorImpl.invoke(DelegatingMethodAccessorImpl.java:43)
	at java.lang.reflect.Method.invoke(Method.java:498)
	at org.gradle.internal.dispatch.ReflectionDispatch.dispatch(ReflectionDispatch.java:35)
	at org.gradle.internal.dispatch.ReflectionDispatch.dispatch(ReflectionDispatch.java:24)
	at org.gradle.internal.dispatch.ContextClassLoaderDispatch.dispatch(ContextClassLoaderDispatch.java:32)
	at org.gradle.internal.dispatch.ProxyDispatchAdapter$DispatchingInvocationHandler.invoke(ProxyDispatchAdapter.java:93)
	at com.sun.proxy.$Proxy2.processTestClass(Unknown Source)
	at org.gradle.api.internal.tasks.testing.worker.TestWorker.processTestClass(TestWorker.java:117)
	at sun.reflect.NativeMethodAccessorImpl.invoke0(Native Method)
	at sun.reflect.NativeMethodAccessorImpl.invoke(NativeMethodAccessorImpl.java:62)
	at sun.reflect.DelegatingMethodAccessorImpl.invoke(DelegatingMethodAccessorImpl.java:43)
	at java.lang.reflect.Method.invoke(Method.java:498)
	at org.gradle.internal.dispatch.ReflectionDispatch.dispatch(ReflectionDispatch.java:35)
	at org.gradle.internal.dispatch.ReflectionDispatch.dispatch(ReflectionDispatch.java:24)
	at org.gradle.internal.remote.internal.hub.MessageHubBackedObjectConnection$DispatchWrapper.dispatch(MessageHubBackedObjectConnection.java:155)
	at org.gradle.internal.remote.internal.hub.MessageHubBackedObjectConnection$DispatchWrapper.dispatch(MessageHubBackedObjectConnection.java:137)
	at org.gradle.internal.remote.internal.hub.MessageHub$Handler.run(MessageHub.java:404)
	at org.gradle.internal.concurrent.ExecutorPolicy$CatchAndRecordFailures.onExecute(ExecutorPolicy.java:63)
	at org.gradle.internal.concurrent.ManagedExecutorImpl$1.run(ManagedExecutorImpl.java:46)
	at java.util.concurrent.ThreadPoolExecutor.runWorker(ThreadPoolExecutor.java:1149)
	at java.util.concurrent.ThreadPoolExecutor$Worker.run(ThreadPoolExecutor.java:624)
	at org.gradle.internal.concurrent.ThreadFactoryImpl$ManagedThreadRunnable.run(ThreadFactoryImpl.java:55)
	at java.lang.Thread.run(Thread.java:748)
Caused by: java.lang.StringIndexOutOfBoundsException: String index out of range: 4
	at java.lang.String.charAt(String.java:658)
	at roman.RomanNumber.fromRoman(RomanNumber.java:131)
	at roman.RomanNumberTest.failTooMuchSymbolX(RomanNumberTest.java:140)
	at sun.reflect.NativeMethodAccessorImpl.invoke0(Native Method)
	at sun.reflect.NativeMethodAccessorImpl.invoke(NativeMethodAccessorImpl.java:62)
	at sun.reflect.DelegatingMethodAccessorImpl.invoke(DelegatingMethodAccessorImpl.java:43)
	at java.lang.reflect.Method.invoke(Method.java:498)
	at org.junit.runners.model.FrameworkMethod$1.runReflectiveCall(FrameworkMethod.java:50)
	at org.junit.internal.runners.model.ReflectiveCallable.run(ReflectiveCallable.java:12)
	at org.junit.runners.model.FrameworkMethod.invokeExplosively(FrameworkMethod.java:47)
	at org.junit.internal.runners.statements.InvokeMethod.evaluate(InvokeMethod.java:17)
	at org.junit.internal.runners.statements.ExpectException.evaluate(ExpectException.java:19)
	... 39 more
</failure>
  </testcase>
  <testcase name="romNtoInt" classname="roman.RomanNumberTest" time="0.0">
    <failure message="java.lang.IllegalArgumentException" type="java.lang.IllegalArgumentException">java.lang.IllegalArgumentException
	at roman.RomanNumber.fromRoman(RomanNumber.java:96)
	at roman.RomanNumberTest.romNtoInt(RomanNumberTest.java:92)
	at sun.reflect.NativeMethodAccessorImpl.invoke0(Native Method)
	at sun.reflect.NativeMethodAccessorImpl.invoke(NativeMethodAccessorImpl.java:62)
	at sun.reflect.DelegatingMethodAccessorImpl.invoke(DelegatingMethodAccessorImpl.java:43)
	at java.lang.reflect.Method.invoke(Method.java:498)
	at org.junit.runners.model.FrameworkMethod$1.runReflectiveCall(FrameworkMethod.java:50)
	at org.junit.internal.runners.model.ReflectiveCallable.run(ReflectiveCallable.java:12)
	at org.junit.runners.model.FrameworkMethod.invokeExplosively(FrameworkMethod.java:47)
	at org.junit.internal.runners.statements.InvokeMethod.evaluate(InvokeMethod.java:17)
	at org.junit.runners.ParentRunner.runLeaf(ParentRunner.java:325)
	at org.junit.runners.BlockJUnit4ClassRunner.runChild(BlockJUnit4ClassRunner.java:78)
	at org.junit.runners.BlockJUnit4ClassRunner.runChild(BlockJUnit4ClassRunner.java:57)
	at org.junit.runners.ParentRunner$3.run(ParentRunner.java:290)
	at org.junit.runners.ParentRunner$1.schedule(ParentRunner.java:71)
	at org.junit.runners.ParentRunner.runChildren(ParentRunner.java:288)
	at org.junit.runners.ParentRunner.access$000(ParentRunner.java:58)
	at org.junit.runners.ParentRunner$2.evaluate(ParentRunner.java:268)
	at org.junit.runners.ParentRunner.run(ParentRunner.java:363)
	at org.gradle.api.internal.tasks.testing.junit.JUnitTestClassExecutor.runTestClass(JUnitTestClassExecutor.java:106)
	at org.gradle.api.internal.tasks.testing.junit.JUnitTestClassExecutor.execute(JUnitTestClassExecutor.java:58)
	at org.gradle.api.internal.tasks.testing.junit.JUnitTestClassExecutor.execute(JUnitTestClassExecutor.java:38)
	at org.gradle.api.internal.tasks.testing.junit.AbstractJUnitTestClassProcessor.processTestClass(AbstractJUnitTestClassProcessor.java:66)
	at org.gradle.api.internal.tasks.testing.SuiteTestClassProcessor.processTestClass(SuiteTestClassProcessor.java:51)
	at sun.reflect.NativeMethodAccessorImpl.invoke0(Native Method)
	at sun.reflect.NativeMethodAccessorImpl.invoke(NativeMethodAccessorImpl.java:62)
	at sun.reflect.DelegatingMethodAccessorImpl.invoke(DelegatingMethodAccessorImpl.java:43)
	at java.lang.reflect.Method.invoke(Method.java:498)
	at org.gradle.internal.dispatch.ReflectionDispatch.dispatch(ReflectionDispatch.java:35)
	at org.gradle.internal.dispatch.ReflectionDispatch.dispatch(ReflectionDispatch.java:24)
	at org.gradle.internal.dispatch.ContextClassLoaderDispatch.dispatch(ContextClassLoaderDispatch.java:32)
	at org.gradle.internal.dispatch.ProxyDispatchAdapter$DispatchingInvocationHandler.invoke(ProxyDispatchAdapter.java:93)
	at com.sun.proxy.$Proxy2.processTestClass(Unknown Source)
	at org.gradle.api.internal.tasks.testing.worker.TestWorker.processTestClass(TestWorker.java:117)
	at sun.reflect.NativeMethodAccessorImpl.invoke0(Native Method)
	at sun.reflect.NativeMethodAccessorImpl.invoke(NativeMethodAccessorImpl.java:62)
	at sun.reflect.DelegatingMethodAccessorImpl.invoke(DelegatingMethodAccessorImpl.java:43)
	at java.lang.reflect.Method.invoke(Method.java:498)
	at org.gradle.internal.dispatch.ReflectionDispatch.dispatch(ReflectionDispatch.java:35)
	at org.gradle.internal.dispatch.ReflectionDispatch.dispatch(ReflectionDispatch.java:24)
	at org.gradle.internal.remote.internal.hub.MessageHubBackedObjectConnection$DispatchWrapper.dispatch(MessageHubBackedObjectConnection.java:155)
	at org.gradle.internal.remote.internal.hub.MessageHubBackedObjectConnection$DispatchWrapper.dispatch(MessageHubBackedObjectConnection.java:137)
	at org.gradle.internal.remote.internal.hub.MessageHub$Handler.run(MessageHub.java:404)
	at org.gradle.internal.concurrent.ExecutorPolicy$CatchAndRecordFailures.onExecute(ExecutorPolicy.java:63)
	at org.gradle.internal.concurrent.ManagedExecutorImpl$1.run(ManagedExecutorImpl.java:46)
	at java.util.concurrent.ThreadPoolExecutor.runWorker(ThreadPoolExecutor.java:1149)
	at java.util.concurrent.ThreadPoolExecutor$Worker.run(ThreadPoolExecutor.java:624)
	at org.gradle.internal.concurrent.ThreadFactoryImpl$ManagedThreadRunnable.run(ThreadFactoryImpl.java:55)
	at java.lang.Thread.run(Thread.java:748)
</failure>
  </testcase>
  <testcase name="failTooMuchPairD" classname="roman.RomanNumberTest" time="0.0">
    <failure message="java.lang.Exception: Unexpected exception, expected&lt;java.lang.IllegalArgumentException&gt; but was&lt;java.lang.StringIndexOutOfBoundsException&gt;" type="java.lang.Exception">java.lang.Exception: Unexpected exception, expected&lt;java.lang.IllegalArgumentException&gt; but was&lt;java.lang.StringIndexOutOfBoundsException&gt;
	at org.junit.internal.runners.statements.ExpectException.evaluate(ExpectException.java:28)
	at org.junit.runners.ParentRunner.runLeaf(ParentRunner.java:325)
	at org.junit.runners.BlockJUnit4ClassRunner.runChild(BlockJUnit4ClassRunner.java:78)
	at org.junit.runners.BlockJUnit4ClassRunner.runChild(BlockJUnit4ClassRunner.java:57)
	at org.junit.runners.ParentRunner$3.run(ParentRunner.java:290)
	at org.junit.runners.ParentRunner$1.schedule(ParentRunner.java:71)
	at org.junit.runners.ParentRunner.runChildren(ParentRunner.java:288)
	at org.junit.runners.ParentRunner.access$000(ParentRunner.java:58)
	at org.junit.runners.ParentRunner$2.evaluate(ParentRunner.java:268)
	at org.junit.runners.ParentRunner.run(ParentRunner.java:363)
	at org.gradle.api.internal.tasks.testing.junit.JUnitTestClassExecutor.runTestClass(JUnitTestClassExecutor.java:106)
	at org.gradle.api.internal.tasks.testing.junit.JUnitTestClassExecutor.execute(JUnitTestClassExecutor.java:58)
	at org.gradle.api.internal.tasks.testing.junit.JUnitTestClassExecutor.execute(JUnitTestClassExecutor.java:38)
	at org.gradle.api.internal.tasks.testing.junit.AbstractJUnitTestClassProcessor.processTestClass(AbstractJUnitTestClassProcessor.java:66)
	at org.gradle.api.internal.tasks.testing.SuiteTestClassProcessor.processTestClass(SuiteTestClassProcessor.java:51)
	at sun.reflect.NativeMethodAccessorImpl.invoke0(Native Method)
	at sun.reflect.NativeMethodAccessorImpl.invoke(NativeMethodAccessorImpl.java:62)
	at sun.reflect.DelegatingMethodAccessorImpl.invoke(DelegatingMethodAccessorImpl.java:43)
	at java.lang.reflect.Method.invoke(Method.java:498)
	at org.gradle.internal.dispatch.ReflectionDispatch.dispatch(ReflectionDispatch.java:35)
	at org.gradle.internal.dispatch.ReflectionDispatch.dispatch(ReflectionDispatch.java:24)
	at org.gradle.internal.dispatch.ContextClassLoaderDispatch.dispatch(ContextClassLoaderDispatch.java:32)
	at org.gradle.internal.dispatch.ProxyDispatchAdapter$DispatchingInvocationHandler.invoke(ProxyDispatchAdapter.java:93)
	at com.sun.proxy.$Proxy2.processTestClass(Unknown Source)
	at org.gradle.api.internal.tasks.testing.worker.TestWorker.processTestClass(TestWorker.java:117)
	at sun.reflect.NativeMethodAccessorImpl.invoke0(Native Method)
	at sun.reflect.NativeMethodAccessorImpl.invoke(NativeMethodAccessorImpl.java:62)
	at sun.reflect.DelegatingMethodAccessorImpl.invoke(DelegatingMethodAccessorImpl.java:43)
	at java.lang.reflect.Method.invoke(Method.java:498)
	at org.gradle.internal.dispatch.ReflectionDispatch.dispatch(ReflectionDispatch.java:35)
	at org.gradle.internal.dispatch.ReflectionDispatch.dispatch(ReflectionDispatch.java:24)
	at org.gradle.internal.remote.internal.hub.MessageHubBackedObjectConnection$DispatchWrapper.dispatch(MessageHubBackedObjectConnection.java:155)
	at org.gradle.internal.remote.internal.hub.MessageHubBackedObjectConnection$DispatchWrapper.dispatch(MessageHubBackedObjectConnection.java:137)
	at org.gradle.internal.remote.internal.hub.MessageHub$Handler.run(MessageHub.java:404)
	at org.gradle.internal.concurrent.ExecutorPolicy$CatchAndRecordFailures.onExecute(ExecutorPolicy.java:63)
	at org.gradle.internal.concurrent.ManagedExecutorImpl$1.run(ManagedExecutorImpl.java:46)
	at java.util.concurrent.ThreadPoolExecutor.runWorker(ThreadPoolExecutor.java:1149)
	at java.util.concurrent.ThreadPoolExecutor$Worker.run(ThreadPoolExecutor.java:624)
	at org.gradle.internal.concurrent.ThreadFactoryImpl$ManagedThreadRunnable.run(ThreadFactoryImpl.java:55)
	at java.lang.Thread.run(Thread.java:748)
Caused by: java.lang.StringIndexOutOfBoundsException: String index out of range: 2
	at java.lang.String.charAt(String.java:658)
	at roman.RomanNumber.fromRoman(RomanNumber.java:132)
	at roman.RomanNumberTest.failTooMuchPairD(RomanNumberTest.java:175)
	at sun.reflect.NativeMethodAccessorImpl.invoke0(Native Method)
	at sun.reflect.NativeMethodAccessorImpl.invoke(NativeMethodAccessorImpl.java:62)
	at sun.reflect.DelegatingMethodAccessorImpl.invoke(DelegatingMethodAccessorImpl.java:43)
	at java.lang.reflect.Method.invoke(Method.java:498)
	at org.junit.runners.model.FrameworkMethod$1.runReflectiveCall(FrameworkMethod.java:50)
	at org.junit.internal.runners.model.ReflectiveCallable.run(ReflectiveCallable.java:12)
	at org.junit.runners.model.FrameworkMethod.invokeExplosively(FrameworkMethod.java:47)
	at org.junit.internal.runners.statements.InvokeMethod.evaluate(InvokeMethod.java:17)
	at org.junit.internal.runners.statements.ExpectException.evaluate(ExpectException.java:19)
	... 39 more
</failure>
  </testcase>
  <testcase name="failTooMuchPairL" classname="roman.RomanNumberTest" time="0.001">
    <failure message="java.lang.Exception: Unexpected exception, expected&lt;java.lang.IllegalArgumentException&gt; but was&lt;java.lang.StringIndexOutOfBoundsException&gt;" type="java.lang.Exception">java.lang.Exception: Unexpected exception, expected&lt;java.lang.IllegalArgumentException&gt; but was&lt;java.lang.StringIndexOutOfBoundsException&gt;
	at org.junit.internal.runners.statements.ExpectException.evaluate(ExpectException.java:28)
	at org.junit.runners.ParentRunner.runLeaf(ParentRunner.java:325)
	at org.junit.runners.BlockJUnit4ClassRunner.runChild(BlockJUnit4ClassRunner.java:78)
	at org.junit.runners.BlockJUnit4ClassRunner.runChild(BlockJUnit4ClassRunner.java:57)
	at org.junit.runners.ParentRunner$3.run(ParentRunner.java:290)
	at org.junit.runners.ParentRunner$1.schedule(ParentRunner.java:71)
	at org.junit.runners.ParentRunner.runChildren(ParentRunner.java:288)
	at org.junit.runners.ParentRunner.access$000(ParentRunner.java:58)
	at org.junit.runners.ParentRunner$2.evaluate(ParentRunner.java:268)
	at org.junit.runners.ParentRunner.run(ParentRunner.java:363)
	at org.gradle.api.internal.tasks.testing.junit.JUnitTestClassExecutor.runTestClass(JUnitTestClassExecutor.java:106)
	at org.gradle.api.internal.tasks.testing.junit.JUnitTestClassExecutor.execute(JUnitTestClassExecutor.java:58)
	at org.gradle.api.internal.tasks.testing.junit.JUnitTestClassExecutor.execute(JUnitTestClassExecutor.java:38)
	at org.gradle.api.internal.tasks.testing.junit.AbstractJUnitTestClassProcessor.processTestClass(AbstractJUnitTestClassProcessor.java:66)
	at org.gradle.api.internal.tasks.testing.SuiteTestClassProcessor.processTestClass(SuiteTestClassProcessor.java:51)
	at sun.reflect.NativeMethodAccessorImpl.invoke0(Native Method)
	at sun.reflect.NativeMethodAccessorImpl.invoke(NativeMethodAccessorImpl.java:62)
	at sun.reflect.DelegatingMethodAccessorImpl.invoke(DelegatingMethodAccessorImpl.java:43)
	at java.lang.reflect.Method.invoke(Method.java:498)
	at org.gradle.internal.dispatch.ReflectionDispatch.dispatch(ReflectionDispatch.java:35)
	at org.gradle.internal.dispatch.ReflectionDispatch.dispatch(ReflectionDispatch.java:24)
	at org.gradle.internal.dispatch.ContextClassLoaderDispatch.dispatch(ContextClassLoaderDispatch.java:32)
	at org.gradle.internal.dispatch.ProxyDispatchAdapter$DispatchingInvocationHandler.invoke(ProxyDispatchAdapter.java:93)
	at com.sun.proxy.$Proxy2.processTestClass(Unknown Source)
	at org.gradle.api.internal.tasks.testing.worker.TestWorker.processTestClass(TestWorker.java:117)
	at sun.reflect.NativeMethodAccessorImpl.invoke0(Native Method)
	at sun.reflect.NativeMethodAccessorImpl.invoke(NativeMethodAccessorImpl.java:62)
	at sun.reflect.DelegatingMethodAccessorImpl.invoke(DelegatingMethodAccessorImpl.java:43)
	at java.lang.reflect.Method.invoke(Method.java:498)
	at org.gradle.internal.dispatch.ReflectionDispatch.dispatch(ReflectionDispatch.java:35)
	at org.gradle.internal.dispatch.ReflectionDispatch.dispatch(ReflectionDispatch.java:24)
	at org.gradle.internal.remote.internal.hub.MessageHubBackedObjectConnection$DispatchWrapper.dispatch(MessageHubBackedObjectConnection.java:155)
	at org.gradle.internal.remote.internal.hub.MessageHubBackedObjectConnection$DispatchWrapper.dispatch(MessageHubBackedObjectConnection.java:137)
	at org.gradle.internal.remote.internal.hub.MessageHub$Handler.run(MessageHub.java:404)
	at org.gradle.internal.concurrent.ExecutorPolicy$CatchAndRecordFailures.onExecute(ExecutorPolicy.java:63)
	at org.gradle.internal.concurrent.ManagedExecutorImpl$1.run(ManagedExecutorImpl.java:46)
	at java.util.concurrent.ThreadPoolExecutor.runWorker(ThreadPoolExecutor.java:1149)
	at java.util.concurrent.ThreadPoolExecutor$Worker.run(ThreadPoolExecutor.java:624)
	at org.gradle.internal.concurrent.ThreadFactoryImpl$ManagedThreadRunnable.run(ThreadFactoryImpl.java:55)
	at java.lang.Thread.run(Thread.java:748)
Caused by: java.lang.StringIndexOutOfBoundsException: String index out of range: 2
	at java.lang.String.charAt(String.java:658)
	at roman.RomanNumber.fromRoman(RomanNumber.java:132)
	at roman.RomanNumberTest.failTooMuchPairL(RomanNumberTest.java:168)
	at sun.reflect.NativeMethodAccessorImpl.invoke0(Native Method)
	at sun.reflect.NativeMethodAccessorImpl.invoke(NativeMethodAccessorImpl.java:62)
	at sun.reflect.DelegatingMethodAccessorImpl.invoke(DelegatingMethodAccessorImpl.java:43)
	at java.lang.reflect.Method.invoke(Method.java:498)
	at org.junit.runners.model.FrameworkMethod$1.runReflectiveCall(FrameworkMethod.java:50)
	at org.junit.internal.runners.model.ReflectiveCallable.run(ReflectiveCallable.java:12)
	at org.junit.runners.model.FrameworkMethod.invokeExplosively(FrameworkMethod.java:47)
	at org.junit.internal.runners.statements.InvokeMethod.evaluate(InvokeMethod.java:17)
	at org.junit.internal.runners.statements.ExpectException.evaluate(ExpectException.java:19)
	... 39 more
</failure>
  </testcase>
  <testcase name="failTooMuchPairV" classname="roman.RomanNumberTest" time="0.0">
    <failure message="java.lang.Exception: Unexpected exception, expected&lt;java.lang.IllegalArgumentException&gt; but was&lt;java.lang.StringIndexOutOfBoundsException&gt;" type="java.lang.Exception">java.lang.Exception: Unexpected exception, expected&lt;java.lang.IllegalArgumentException&gt; but was&lt;java.lang.StringIndexOutOfBoundsException&gt;
	at org.junit.internal.runners.statements.ExpectException.evaluate(ExpectException.java:28)
	at org.junit.runners.ParentRunner.runLeaf(ParentRunner.java:325)
	at org.junit.runners.BlockJUnit4ClassRunner.runChild(BlockJUnit4ClassRunner.java:78)
	at org.junit.runners.BlockJUnit4ClassRunner.runChild(BlockJUnit4ClassRunner.java:57)
	at org.junit.runners.ParentRunner$3.run(ParentRunner.java:290)
	at org.junit.runners.ParentRunner$1.schedule(ParentRunner.java:71)
	at org.junit.runners.ParentRunner.runChildren(ParentRunner.java:288)
	at org.junit.runners.ParentRunner.access$000(ParentRunner.java:58)
	at org.junit.runners.ParentRunner$2.evaluate(ParentRunner.java:268)
	at org.junit.runners.ParentRunner.run(ParentRunner.java:363)
	at org.gradle.api.internal.tasks.testing.junit.JUnitTestClassExecutor.runTestClass(JUnitTestClassExecutor.java:106)
	at org.gradle.api.internal.tasks.testing.junit.JUnitTestClassExecutor.execute(JUnitTestClassExecutor.java:58)
	at org.gradle.api.internal.tasks.testing.junit.JUnitTestClassExecutor.execute(JUnitTestClassExecutor.java:38)
	at org.gradle.api.internal.tasks.testing.junit.AbstractJUnitTestClassProcessor.processTestClass(AbstractJUnitTestClassProcessor.java:66)
	at org.gradle.api.internal.tasks.testing.SuiteTestClassProcessor.processTestClass(SuiteTestClassProcessor.java:51)
	at sun.reflect.NativeMethodAccessorImpl.invoke0(Native Method)
	at sun.reflect.NativeMethodAccessorImpl.invoke(NativeMethodAccessorImpl.java:62)
	at sun.reflect.DelegatingMethodAccessorImpl.invoke(DelegatingMethodAccessorImpl.java:43)
	at java.lang.reflect.Method.invoke(Method.java:498)
	at org.gradle.internal.dispatch.ReflectionDispatch.dispatch(ReflectionDispatch.java:35)
	at org.gradle.internal.dispatch.ReflectionDispatch.dispatch(ReflectionDispatch.java:24)
	at org.gradle.internal.dispatch.ContextClassLoaderDispatch.dispatch(ContextClassLoaderDispatch.java:32)
	at org.gradle.internal.dispatch.ProxyDispatchAdapter$DispatchingInvocationHandler.invoke(ProxyDispatchAdapter.java:93)
	at com.sun.proxy.$Proxy2.processTestClass(Unknown Source)
	at org.gradle.api.internal.tasks.testing.worker.TestWorker.processTestClass(TestWorker.java:117)
	at sun.reflect.NativeMethodAccessorImpl.invoke0(Native Method)
	at sun.reflect.NativeMethodAccessorImpl.invoke(NativeMethodAccessorImpl.java:62)
	at sun.reflect.DelegatingMethodAccessorImpl.invoke(DelegatingMethodAccessorImpl.java:43)
	at java.lang.reflect.Method.invoke(Method.java:498)
	at org.gradle.internal.dispatch.ReflectionDispatch.dispatch(ReflectionDispatch.java:35)
	at org.gradle.internal.dispatch.ReflectionDispatch.dispatch(ReflectionDispatch.java:24)
	at org.gradle.internal.remote.internal.hub.MessageHubBackedObjectConnection$DispatchWrapper.dispatch(MessageHubBackedObjectConnection.java:155)
	at org.gradle.internal.remote.internal.hub.MessageHubBackedObjectConnection$DispatchWrapper.dispatch(MessageHubBackedObjectConnection.java:137)
	at org.gradle.internal.remote.internal.hub.MessageHub$Handler.run(MessageHub.java:404)
	at org.gradle.internal.concurrent.ExecutorPolicy$CatchAndRecordFailures.onExecute(ExecutorPolicy.java:63)
	at org.gradle.internal.concurrent.ManagedExecutorImpl$1.run(ManagedExecutorImpl.java:46)
	at java.util.concurrent.ThreadPoolExecutor.runWorker(ThreadPoolExecutor.java:1149)
	at java.util.concurrent.ThreadPoolExecutor$Worker.run(ThreadPoolExecutor.java:624)
	at org.gradle.internal.concurrent.ThreadFactoryImpl$ManagedThreadRunnable.run(ThreadFactoryImpl.java:55)
	at java.lang.Thread.run(Thread.java:748)
Caused by: java.lang.StringIndexOutOfBoundsException: String index out of range: 2
	at java.lang.String.charAt(String.java:658)
	at roman.RomanNumber.fromRoman(RomanNumber.java:132)
	at roman.RomanNumberTest.failTooMuchPairV(RomanNumberTest.java:161)
	at sun.reflect.NativeMethodAccessorImpl.invoke0(Native Method)
	at sun.reflect.NativeMethodAccessorImpl.invoke(NativeMethodAccessorImpl.java:62)
	at sun.reflect.DelegatingMethodAccessorImpl.invoke(DelegatingMethodAccessorImpl.java:43)
	at java.lang.reflect.Method.invoke(Method.java:498)
	at org.junit.runners.model.FrameworkMethod$1.runReflectiveCall(FrameworkMethod.java:50)
	at org.junit.internal.runners.model.ReflectiveCallable.run(ReflectiveCallable.java:12)
	at org.junit.runners.model.FrameworkMethod.invokeExplosively(FrameworkMethod.java:47)
	at org.junit.internal.runners.statements.InvokeMethod.evaluate(InvokeMethod.java:17)
	at org.junit.internal.runners.statements.ExpectException.evaluate(ExpectException.java:19)
	... 39 more
</failure>
  </testcase>
  <testcase name="failNegative" classname="roman.RomanNumberTest" time="0.0"/>
  <system-out><![CDATA[M=1000
CM=900
D=500
CD=400
C=100
XC=90
L=50
XL=40
X=10
IX=9
V=5
IV=4
I=1
M=1000
CM=900
D=500
CD=400
C=100
XC=90
L=50
XL=40
X=10
IX=9
V=5
IV=4
I=1
M=1000
CM=900
D=500
CD=400
C=100
XC=90
L=50
XL=40
X=10
IX=9
V=5
IV=4
I=1
M=1000
CM=900
D=500
CD=400
C=100
XC=90
L=50
XL=40
X=10
IX=9
V=5
IV=4
I=1
M=1000
CM=900
D=500
CD=400
C=100
XC=90
L=50
XL=40
X=10
IX=9
V=5
IV=4
I=1
M=1000
CM=900
D=500
CD=400
C=100
XC=90
L=50
XL=40
X=10
IX=9
V=5
IV=4
I=1
M=1000
CM=900
D=500
CD=400
C=100
XC=90
L=50
XL=40
X=10
IX=9
V=5
IV=4
I=1
M=1000
CM=900
D=500
CD=400
C=100
XC=90
L=50
XL=40
X=10
IX=9
V=5
IV=4
I=1
M=1000
CM=900
D=500
CD=400
C=100
XC=90
L=50
XL=40
X=10
IX=9
V=5
IV=4
I=1
M=1000
CM=900
D=500
CD=400
C=100
XC=90
L=50
XL=40
X=10
IX=9
V=5
IV=4
I=1
M=1000
CM=900
D=500
CD=400
C=100
XC=90
L=50
XL=40
X=10
IX=9
V=5
IV=4
I=1
M=1000
CM=900
D=500
CD=400
C=100
XC=90
L=50
XL=40
X=10
IX=9
V=5
IV=4
I=1
M=1000
CM=900
D=500
CD=400
C=100
XC=90
L=50
XL=40
X=10
IX=9
V=5
IV=4
I=1
M=1000
CM=900
D=500
CD=400
C=100
XC=90
L=50
XL=40
X=10
IX=9
V=5
IV=4
I=1
M=1000
CM=900
D=500
CD=400
C=100
XC=90
L=50
XL=40
X=10
IX=9
V=5
IV=4
I=1
M=1000
CM=900
D=500
CD=400
C=100
XC=90
L=50
XL=40
X=10
IX=9
V=5
IV=4
I=1
M=1000
CM=900
D=500
CD=400
C=100
XC=90
L=50
XL=40
X=10
IX=9
V=5
IV=4
I=1
M=1000
CM=900
D=500
CD=400
C=100
XC=90
L=50
XL=40
X=10
IX=9
V=5
IV=4
I=1
M=1000
CM=900
D=500
CD=400
C=100
XC=90
L=50
XL=40
X=10
IX=9
V=5
IV=4
I=1
M=1000
CM=900
D=500
CD=400
C=100
XC=90
L=50
XL=40
X=10
IX=9
V=5
IV=4
I=1
M=1000
CM=900
D=500
CD=400
C=100
XC=90
L=50
XL=40
X=10
IX=9
V=5
IV=4
I=1
M=1000
CM=900
D=500
CD=400
C=100
XC=90
L=50
XL=40
X=10
IX=9
V=5
IV=4
I=1
M=1000
CM=900
D=500
CD=400
C=100
XC=90
L=50
XL=40
X=10
IX=9
V=5
IV=4
I=1
M=1000
CM=900
D=500
CD=400
C=100
XC=90
L=50
XL=40
X=10
IX=9
V=5
IV=4
I=1
M=1000
CM=900
D=500
CD=400
C=100
XC=90
L=50
XL=40
X=10
IX=9
V=5
IV=4
I=1
M=1000
CM=900
D=500
CD=400
C=100
XC=90
L=50
XL=40
X=10
IX=9
V=5
IV=4
I=1
M=1000
CM=900
D=500
CD=400
C=100
XC=90
L=50
XL=40
X=10
IX=9
V=5
IV=4
I=1
M=1000
CM=900
D=500
CD=400
C=100
XC=90
L=50
XL=40
X=10
IX=9
V=5
IV=4
I=1
M=1000
CM=900
D=500
CD=400
C=100
XC=90
L=50
XL=40
X=10
IX=9
V=5
IV=4
I=1
M=1000
CM=900
D=500
CD=400
C=100
XC=90
L=50
XL=40
X=10
IX=9
V=5
IV=4
I=1
M=1000
CM=900
D=500
CD=400
C=100
XC=90
L=50
XL=40
X=10
IX=9
V=5
IV=4
I=1
M=1000
CM=900
D=500
CD=400
C=100
XC=90
L=50
XL=40
X=10
IX=9
V=5
IV=4
I=1
M=1000
CM=900
D=500
CD=400
C=100
XC=90
L=50
XL=40
X=10
IX=9
V=5
IV=4
I=1
M=1000
CM=900
D=500
CD=400
C=100
XC=90
L=50
XL=40
X=10
IX=9
V=5
IV=4
I=1
M=1000
CM=900
D=500
CD=400
C=100
XC=90
L=50
XL=40
X=10
IX=9
V=5
IV=4
I=1
M=1000
CM=900
D=500
CD=400
C=100
XC=90
L=50
XL=40
X=10
IX=9
V=5
IV=4
I=1
M=1000
CM=900
D=500
CD=400
C=100
XC=90
L=50
XL=40
X=10
IX=9
V=5
IV=4
I=1
M=1000
CM=900
D=500
CD=400
C=100
XC=90
L=50
XL=40
X=10
IX=9
V=5
IV=4
I=1
M=1000
CM=900
D=500
CD=400
C=100
XC=90
L=50
XL=40
X=10
IX=9
V=5
IV=4
I=1
M=1000
CM=900
D=500
CD=400
C=100
XC=90
L=50
XL=40
X=10
IX=9
V=5
IV=4
I=1
M=1000
CM=900
D=500
CD=400
C=100
XC=90
L=50
XL=40
X=10
IX=9
V=5
IV=4
I=1
M=1000
CM=900
D=500
CD=400
C=100
XC=90
L=50
XL=40
X=10
IX=9
V=5
IV=4
I=1
M=1000
CM=900
D=500
CD=400
C=100
XC=90
L=50
XL=40
X=10
IX=9
V=5
IV=4
I=1
M=1000
CM=900
D=500
CD=400
C=100
XC=90
L=50
XL=40
X=10
IX=9
V=5
IV=4
I=1
M=1000
CM=900
D=500
CD=400
C=100
XC=90
L=50
XL=40
X=10
IX=9
V=5
IV=4
I=1
M=1000
CM=900
D=500
CD=400
C=100
XC=90
L=50
XL=40
X=10
IX=9
V=5
IV=4
I=1
M=1000
CM=900
D=500
CD=400
C=100
XC=90
L=50
XL=40
X=10
IX=9
V=5
IV=4
I=1
M=1000
CM=900
D=500
CD=400
C=100
XC=90
L=50
XL=40
X=10
IX=9
V=5
IV=4
I=1
M=1000
CM=900
D=500
CD=400
C=100
XC=90
L=50
XL=40
X=10
IX=9
V=5
IV=4
I=1
M=1000
CM=900
D=500
CD=400
C=100
XC=90
L=50
XL=40
X=10
IX=9
V=5
IV=4
I=1
M=1000
CM=900
D=500
CD=400
C=100
XC=90
L=50
XL=40
X=10
IX=9
V=5
IV=4
I=1
M=1000
CM=900
D=500
CD=400
C=100
XC=90
L=50
XL=40
X=10
IX=9
V=5
IV=4
I=1
M=1000
CM=900
D=500
CD=400
C=100
XC=90
L=50
XL=40
X=10
IX=9
V=5
IV=4
I=1
M=1000
CM=900
D=500
CD=400
C=100
XC=90
L=50
XL=40
X=10
IX=9
V=5
IV=4
I=1
M=1000
CM=900
D=500
CD=400
C=100
XC=90
L=50
XL=40
X=10
IX=9
V=5
IV=4
I=1
M=1000
CM=900
D=500
CD=400
C=100
XC=90
L=50
XL=40
X=10
IX=9
V=5
IV=4
I=1
M=1000
CM=900
D=500
CD=400
C=100
XC=90
L=50
XL=40
X=10
IX=9
V=5
IV=4
I=1
M=1000
CM=900
D=500
CD=400
C=100
XC=90
L=50
XL=40
X=10
IX=9
V=5
IV=4
I=1
M=1000
CM=900
D=500
CD=400
C=100
XC=90
L=50
XL=40
X=10
IX=9
V=5
IV=4
I=1
M=1000
CM=900
D=500
CD=400
C=100
XC=90
L=50
XL=40
X=10
IX=9
V=5
IV=4
I=1
M=1000
CM=900
D=500
CD=400
C=100
XC=90
L=50
XL=40
X=10
IX=9
V=5
IV=4
I=1
M=1000
CM=900
D=500
CD=400
C=100
XC=90
L=50
XL=40
X=10
IX=9
V=5
IV=4
I=1
M=1000
CM=900
D=500
CD=400
C=100
XC=90
L=50
XL=40
X=10
IX=9
V=5
IV=4
I=1
M=1000
CM=900
D=500
CD=400
C=100
XC=90
L=50
XL=40
X=10
IX=9
V=5
IV=4
I=1
M=1000
CM=900
D=500
CD=400
C=100
XC=90
L=50
XL=40
X=10
IX=9
V=5
IV=4
I=1
M=1000
CM=900
D=500
CD=400
C=100
XC=90
L=50
XL=40
X=10
IX=9
V=5
IV=4
I=1
M=1000
CM=900
D=500
CD=400
C=100
XC=90
L=50
XL=40
X=10
IX=9
V=5
IV=4
I=1
M=1000
CM=900
D=500
CD=400
C=100
XC=90
L=50
XL=40
X=10
IX=9
V=5
IV=4
I=1
M=1000
CM=900
D=500
CD=400
C=100
XC=90
L=50
XL=40
X=10
IX=9
V=5
IV=4
I=1
M=1000
CM=900
D=500
CD=400
C=100
XC=90
L=50
XL=40
X=10
IX=9
V=5
IV=4
I=1
M=1000
CM=900
D=500
CD=400
C=100
XC=90
L=50
XL=40
X=10
IX=9
V=5
IV=4
I=1
M=1000
CM=900
D=500
CD=400
C=100
XC=90
L=50
XL=40
X=10
IX=9
V=5
IV=4
I=1
M=1000
CM=900
D=500
CD=400
C=100
XC=90
L=50
XL=40
X=10
IX=9
V=5
IV=4
I=1
M=1000
CM=900
D=500
CD=400
C=100
XC=90
L=50
XL=40
X=10
IX=9
V=5
IV=4
I=1
M=1000
CM=900
D=500
CD=400
C=100
XC=90
L=50
XL=40
X=10
IX=9
V=5
IV=4
I=1
M=1000
CM=900
D=500
CD=400
C=100
XC=90
L=50
XL=40
X=10
IX=9
V=5
IV=4
I=1
M=1000
CM=900
D=500
CD=400
C=100
XC=90
L=50
XL=40
X=10
IX=9
V=5
IV=4
I=1
M=1000
CM=900
D=500
CD=400
C=100
XC=90
L=50
XL=40
X=10
IX=9
V=5
IV=4
I=1
M=1000
CM=900
D=500
CD=400
C=100
XC=90
L=50
XL=40
X=10
IX=9
V=5
IV=4
I=1
M=1000
CM=900
D=500
CD=400
C=100
XC=90
L=50
XL=40
X=10
IX=9
V=5
IV=4
I=1
M=1000
CM=900
D=500
CD=400
C=100
XC=90
L=50
XL=40
X=10
IX=9
V=5
IV=4
I=1
M=1000
CM=900
D=500
CD=400
C=100
XC=90
L=50
XL=40
X=10
IX=9
V=5
IV=4
I=1
M=1000
CM=900
D=500
CD=400
C=100
XC=90
L=50
XL=40
X=10
IX=9
V=5
IV=4
I=1
M=1000
CM=900
D=500
CD=400
C=100
XC=90
L=50
XL=40
X=10
IX=9
V=5
IV=4
I=1
M=1000
CM=900
D=500
CD=400
C=100
XC=90
L=50
XL=40
X=10
IX=9
V=5
IV=4
I=1
M=1000
CM=900
D=500
CD=400
C=100
XC=90
L=50
XL=40
X=10
IX=9
V=5
IV=4
I=1
M=1000
CM=900
D=500
CD=400
C=100
XC=90
L=50
XL=40
X=10
IX=9
V=5
IV=4
I=1
M=1000
CM=900
D=500
CD=400
C=100
XC=90
L=50
XL=40
X=10
IX=9
V=5
IV=4
I=1
M=1000
CM=900
D=500
CD=400
C=100
XC=90
L=50
XL=40
X=10
IX=9
V=5
IV=4
I=1
M=1000
CM=900
D=500
CD=400
C=100
XC=90
L=50
XL=40
X=10
IX=9
V=5
IV=4
I=1
M=1000
CM=900
D=500
CD=400
C=100
XC=90
L=50
XL=40
X=10
IX=9
V=5
IV=4
I=1
M=1000
CM=900
D=500
CD=400
C=100
XC=90
L=50
XL=40
X=10
IX=9
V=5
IV=4
I=1
M=1000
CM=900
D=500
CD=400
C=100
XC=90
L=50
XL=40
X=10
IX=9
V=5
IV=4
I=1
M=1000
CM=900
D=500
CD=400
C=100
XC=90
L=50
XL=40
X=10
IX=9
V=5
IV=4
I=1
M=1000
CM=900
D=500
CD=400
C=100
XC=90
L=50
XL=40
X=10
IX=9
V=5
IV=4
I=1
M=1000
CM=900
D=500
CD=400
C=100
XC=90
L=50
XL=40
X=10
IX=9
V=5
IV=4
I=1
M=1000
CM=900
D=500
CD=400
C=100
XC=90
L=50
XL=40
X=10
IX=9
V=5
IV=4
I=1
M=1000
CM=900
D=500
CD=400
C=100
XC=90
L=50
XL=40
X=10
IX=9
V=5
IV=4
I=1
M=1000
CM=900
D=500
CD=400
C=100
XC=90
L=50
XL=40
X=10
IX=9
V=5
IV=4
I=1
M=1000
CM=900
D=500
CD=400
C=100
XC=90
L=50
XL=40
X=10
IX=9
V=5
IV=4
I=1
M=1000
CM=900
D=500
CD=400
C=100
XC=90
L=50
XL=40
X=10
IX=9
V=5
IV=4
I=1
M=1000
CM=900
D=500
CD=400
C=100
XC=90
L=50
XL=40
X=10
IX=9
V=5
IV=4
I=1
M=1000
CM=900
D=500
CD=400
C=100
XC=90
L=50
XL=40
X=10
IX=9
V=5
IV=4
I=1
M=1000
CM=900
D=500
CD=400
C=100
XC=90
L=50
XL=40
X=10
IX=9
V=5
IV=4
I=1
M=1000
CM=900
D=500
CD=400
C=100
XC=90
L=50
XL=40
X=10
IX=9
V=5
IV=4
I=1
M=1000
CM=900
D=500
CD=400
C=100
XC=90
L=50
XL=40
X=10
IX=9
V=5
IV=4
I=1
M=1000
CM=900
D=500
CD=400
C=100
XC=90
L=50
XL=40
X=10
IX=9
V=5
IV=4
I=1
M=1000
CM=900
D=500
CD=400
C=100
XC=90
L=50
XL=40
X=10
IX=9
V=5
IV=4
I=1
M=1000
CM=900
D=500
CD=400
C=100
XC=90
L=50
XL=40
X=10
IX=9
V=5
IV=4
I=1
M=1000
CM=900
D=500
CD=400
C=100
XC=90
L=50
XL=40
X=10
IX=9
V=5
IV=4
I=1
M=1000
CM=900
D=500
CD=400
C=100
XC=90
L=50
XL=40
X=10
IX=9
V=5
IV=4
I=1
M=1000
CM=900
D=500
CD=400
C=100
XC=90
L=50
XL=40
X=10
IX=9
V=5
IV=4
I=1
M=1000
CM=900
D=500
CD=400
C=100
XC=90
L=50
XL=40
X=10
IX=9
V=5
IV=4
I=1
M=1000
CM=900
D=500
CD=400
C=100
XC=90
L=50
XL=40
X=10
IX=9
V=5
IV=4
I=1
M=1000
CM=900
D=500
CD=400
C=100
XC=90
L=50
XL=40
X=10
IX=9
V=5
IV=4
I=1
M=1000
CM=900
D=500
CD=400
C=100
XC=90
L=50
XL=40
X=10
IX=9
V=5
IV=4
I=1
M=1000
CM=900
D=500
CD=400
C=100
XC=90
L=50
XL=40
X=10
IX=9
V=5
IV=4
I=1
M=1000
CM=900
D=500
CD=400
C=100
XC=90
L=50
XL=40
X=10
IX=9
V=5
IV=4
I=1
M=1000
CM=900
D=500
CD=400
C=100
XC=90
L=50
XL=40
X=10
IX=9
V=5
IV=4
I=1
M=1000
CM=900
D=500
CD=400
C=100
XC=90
L=50
XL=40
X=10
IX=9
V=5
IV=4
I=1
M=1000
CM=900
D=500
CD=400
C=100
XC=90
L=50
XL=40
X=10
IX=9
V=5
IV=4
I=1
M=1000
CM=900
D=500
CD=400
C=100
XC=90
L=50
XL=40
X=10
IX=9
V=5
IV=4
I=1
M=1000
CM=900
D=500
CD=400
C=100
XC=90
L=50
XL=40
X=10
IX=9
V=5
IV=4
I=1
M=1000
CM=900
D=500
CD=400
C=100
XC=90
L=50
XL=40
X=10
IX=9
V=5
IV=4
I=1
M=1000
CM=900
D=500
CD=400
C=100
XC=90
L=50
XL=40
X=10
IX=9
V=5
IV=4
I=1
M=1000
CM=900
D=500
CD=400
C=100
XC=90
L=50
XL=40
X=10
IX=9
V=5
IV=4
I=1
M=1000
CM=900
D=500
CD=400
C=100
XC=90
L=50
XL=40
X=10
IX=9
V=5
IV=4
I=1
M=1000
CM=900
D=500
CD=400
C=100
XC=90
L=50
XL=40
X=10
IX=9
V=5
IV=4
I=1
M=1000
CM=900
D=500
CD=400
C=100
XC=90
L=50
XL=40
X=10
IX=9
V=5
IV=4
I=1
M=1000
CM=900
D=500
CD=400
C=100
XC=90
L=50
XL=40
X=10
IX=9
V=5
IV=4
I=1
M=1000
CM=900
D=500
CD=400
C=100
XC=90
L=50
XL=40
X=10
IX=9
V=5
IV=4
I=1
M=1000
CM=900
D=500
CD=400
C=100
XC=90
L=50
XL=40
X=10
IX=9
V=5
IV=4
I=1
M=1000
CM=900
D=500
CD=400
C=100
XC=90
L=50
XL=40
X=10
IX=9
V=5
IV=4
I=1
M=1000
CM=900
D=500
CD=400
C=100
XC=90
L=50
XL=40
X=10
IX=9
V=5
IV=4
I=1
M=1000
CM=900
D=500
CD=400
C=100
XC=90
L=50
XL=40
X=10
IX=9
V=5
IV=4
I=1
M=1000
CM=900
D=500
CD=400
C=100
XC=90
L=50
XL=40
X=10
IX=9
V=5
IV=4
I=1
M=1000
CM=900
D=500
CD=400
C=100
XC=90
L=50
XL=40
X=10
IX=9
V=5
IV=4
I=1
M=1000
CM=900
D=500
CD=400
C=100
XC=90
L=50
XL=40
X=10
IX=9
V=5
IV=4
I=1
M=1000
CM=900
D=500
CD=400
C=100
XC=90
L=50
XL=40
X=10
IX=9
V=5
IV=4
I=1
M=1000
CM=900
D=500
CD=400
C=100
XC=90
L=50
XL=40
X=10
IX=9
V=5
IV=4
I=1
M=1000
CM=900
D=500
CD=400
C=100
XC=90
L=50
XL=40
X=10
IX=9
V=5
IV=4
I=1
M=1000
CM=900
D=500
CD=400
C=100
XC=90
L=50
XL=40
X=10
IX=9
V=5
IV=4
I=1
M=1000
CM=900
D=500
CD=400
C=100
XC=90
L=50
XL=40
X=10
IX=9
V=5
IV=4
I=1
M=1000
CM=900
D=500
CD=400
C=100
XC=90
L=50
XL=40
X=10
IX=9
V=5
IV=4
I=1
M=1000
CM=900
D=500
CD=400
C=100
XC=90
L=50
XL=40
X=10
IX=9
V=5
IV=4
I=1
M=1000
CM=900
D=500
CD=400
C=100
XC=90
L=50
XL=40
X=10
IX=9
V=5
IV=4
I=1
M=1000
CM=900
D=500
CD=400
C=100
XC=90
L=50
XL=40
X=10
IX=9
V=5
IV=4
I=1
M=1000
CM=900
D=500
CD=400
C=100
XC=90
L=50
XL=40
X=10
IX=9
V=5
IV=4
I=1
M=1000
CM=900
D=500
CD=400
C=100
XC=90
L=50
XL=40
X=10
IX=9
V=5
IV=4
I=1
M=1000
CM=900
D=500
CD=400
C=100
XC=90
L=50
XL=40
X=10
IX=9
V=5
IV=4
I=1
M=1000
CM=900
D=500
CD=400
C=100
XC=90
L=50
XL=40
X=10
IX=9
V=5
IV=4
I=1
M=1000
CM=900
D=500
CD=400
C=100
XC=90
L=50
XL=40
X=10
IX=9
V=5
IV=4
I=1
M=1000
CM=900
D=500
CD=400
C=100
XC=90
L=50
XL=40
X=10
IX=9
V=5
IV=4
I=1
M=1000
CM=900
D=500
CD=400
C=100
XC=90
L=50
XL=40
X=10
IX=9
V=5
IV=4
I=1
M=1000
CM=900
D=500
CD=400
C=100
XC=90
L=50
XL=40
X=10
IX=9
V=5
IV=4
I=1
M=1000
CM=900
D=500
CD=400
C=100
XC=90
L=50
XL=40
X=10
IX=9
V=5
IV=4
I=1
M=1000
CM=900
D=500
CD=400
C=100
XC=90
L=50
XL=40
X=10
IX=9
V=5
IV=4
I=1
M=1000
CM=900
D=500
CD=400
C=100
XC=90
L=50
XL=40
X=10
IX=9
V=5
IV=4
I=1
M=1000
CM=900
D=500
CD=400
C=100
XC=90
L=50
XL=40
X=10
IX=9
V=5
IV=4
I=1
M=1000
CM=900
D=500
CD=400
C=100
XC=90
L=50
XL=40
X=10
IX=9
V=5
IV=4
I=1
M=1000
CM=900
D=500
CD=400
C=100
XC=90
L=50
XL=40
X=10
IX=9
V=5
IV=4
I=1
M=1000
CM=900
D=500
CD=400
C=100
XC=90
L=50
XL=40
X=10
IX=9
V=5
IV=4
I=1
M=1000
CM=900
D=500
CD=400
C=100
XC=90
L=50
XL=40
X=10
IX=9
V=5
IV=4
I=1
M=1000
CM=900
D=500
CD=400
C=100
XC=90
L=50
XL=40
X=10
IX=9
V=5
IV=4
I=1
M=1000
CM=900
D=500
CD=400
C=100
XC=90
L=50
XL=40
X=10
IX=9
V=5
IV=4
I=1
M=1000
CM=900
D=500
CD=400
C=100
XC=90
L=50
XL=40
X=10
IX=9
V=5
IV=4
I=1
M=1000
CM=900
D=500
CD=400
C=100
XC=90
L=50
XL=40
X=10
IX=9
V=5
IV=4
I=1
M=1000
CM=900
D=500
CD=400
C=100
XC=90
L=50
XL=40
X=10
IX=9
V=5
IV=4
I=1
M=1000
CM=900
D=500
CD=400
C=100
XC=90
L=50
XL=40
X=10
IX=9
V=5
IV=4
I=1
M=1000
CM=900
D=500
CD=400
C=100
XC=90
L=50
XL=40
X=10
IX=9
V=5
IV=4
I=1
M=1000
CM=900
D=500
CD=400
C=100
XC=90
L=50
XL=40
X=10
IX=9
V=5
IV=4
I=1
M=1000
CM=900
D=500
CD=400
C=100
XC=90
L=50
XL=40
X=10
IX=9
V=5
IV=4
I=1
M=1000
CM=900
D=500
CD=400
C=100
XC=90
L=50
XL=40
X=10
IX=9
V=5
IV=4
I=1
M=1000
CM=900
D=500
CD=400
C=100
XC=90
L=50
XL=40
X=10
IX=9
V=5
IV=4
I=1
M=1000
CM=900
D=500
CD=400
C=100
XC=90
L=50
[...]
M=1000
CM=900
D=500
CD=400
C=100
XC=90
L=50
XL=40
X=10
IX=9
V=5
IV=4
I=1
M=1000
CM=900
D=500
CD=400
C=100
XC=90
L=50
XL=40
X=10
IX=9
V=5
IV=4
I=1
M=1000
CM=900
D=500
CD=400
C=100
XC=90
L=50
XL=40
X=10
IX=9
V=5
IV=4
I=1
M=1000
CM=900
D=500
CD=400
C=100
XC=90
L=50
XL=40
X=10
IX=9
V=5
IV=4
I=1
M=1000
CM=900
D=500
CD=400
C=100
XC=90
L=50
XL=40
X=10
IX=9
V=5
IV=4
I=1
M=1000
CM=900
D=500
CD=400
C=100
XC=90
L=50
XL=40
X=10
IX=9
V=5
IV=4
I=1
M=1000
CM=900
D=500
CD=400
C=100
XC=90
L=50
XL=40
X=10
IX=9
V=5
IV=4
I=1
M=1000
CM=900
D=500
CD=400
C=100
XC=90
L=50
XL=40
X=10
IX=9
V=5
IV=4
I=1
M=1000
CM=900
D=500
CD=400
C=100
XC=90
L=50
XL=40
X=10
IX=9
V=5
IV=4
I=1
M=1000
CM=900
D=500
CD=400
C=100
XC=90
L=50
XL=40
X=10
IX=9
V=5
IV=4
I=1
M=1000
CM=900
D=500
CD=400
C=100
XC=90
L=50
XL=40
X=10
IX=9
V=5
IV=4
I=1
M=1000
CM=900
D=500
CD=400
C=100
XC=90
L=50
XL=40
X=10
IX=9
V=5
IV=4
I=1
M=1000
CM=900
D=500
CD=400
C=100
XC=90
L=50
XL=40
X=10
IX=9
V=5
IV=4
I=1
M=1000
CM=900
D=500
CD=400
C=100
XC=90
L=50
XL=40
X=10
IX=9
V=5
IV=4
I=1
M=1000
CM=900
D=500
CD=400
C=100
XC=90
L=50
XL=40
X=10
IX=9
V=5
IV=4
I=1
M=1000
CM=900
D=500
CD=400
C=100
XC=90
L=50
XL=40
X=10
IX=9
V=5
IV=4
I=1
M=1000
CM=900
D=500
CD=400
C=100
XC=90
L=50
XL=40
X=10
IX=9
V=5
IV=4
I=1
M=1000
CM=900
D=500
CD=400
C=100
XC=90
L=50
XL=40
X=10
IX=9
V=5
IV=4
I=1
M=1000
CM=900
D=500
CD=400
C=100
XC=90
L=50
XL=40
X=10
IX=9
V=5
IV=4
I=1
M=1000
CM=900
D=500
CD=400
C=100
XC=90
L=50
XL=40
X=10
IX=9
V=5
IV=4
I=1
M=1000
CM=900
D=500
CD=400
C=100
XC=90
L=50
XL=40
X=10
IX=9
V=5
IV=4
I=1
M=1000
CM=900
D=500
CD=400
C=100
XC=90
L=50
XL=40
X=10
IX=9
V=5
IV=4
I=1
M=1000
CM=900
D=500
CD=400
C=100
XC=90
L=50
XL=40
X=10
IX=9
V=5
IV=4
I=1
M=1000
CM=900
D=500
CD=400
C=100
XC=90
L=50
XL=40
X=10
IX=9
V=5
IV=4
I=1
M=1000
CM=900
D=500
CD=400
C=100
XC=90
L=50
XL=40
X=10
IX=9
V=5
IV=4
I=1
M=1000
CM=900
D=500
CD=400
C=100
XC=90
L=50
XL=40
X=10
IX=9
V=5
IV=4
I=1
M=1000
CM=900
D=500
CD=400
C=100
XC=90
L=50
XL=40
X=10
IX=9
V=5
IV=4
I=1
M=1000
CM=900
D=500
CD=400
C=100
XC=90
L=50
XL=40
X=10
IX=9
V=5
IV=4
I=1
M=1000
CM=900
D=500
CD=400
C=100
XC=90
L=50
XL=40
X=10
IX=9
V=5
IV=4
I=1
M=1000
CM=900
D=500
CD=400
C=100
XC=90
L=50
XL=40
X=10
IX=9
V=5
IV=4
I=1
M=1000
CM=900
D=500
CD=400
C=100
XC=90
L=50
XL=40
X=10
IX=9
V=5
IV=4
I=1
M=1000
CM=900
D=500
CD=400
C=100
XC=90
L=50
XL=40
X=10
IX=9
V=5
IV=4
I=1
M=1000
CM=900
D=500
CD=400
C=100
XC=90
L=50
XL=40
X=10
IX=9
V=5
IV=4
I=1
M=1000
CM=900
D=500
CD=400
C=100
XC=90
L=50
XL=40
X=10
IX=9
V=5
IV=4
I=1
M=1000
CM=900
D=500
CD=400
C=100
XC=90
L=50
XL=40
X=10
IX=9
V=5
IV=4
I=1
M=1000
CM=900
D=500
CD=400
C=100
XC=90
L=50
XL=40
X=10
IX=9
V=5
IV=4
I=1
M=1000
CM=900
D=500
CD=400
C=100
XC=90
L=50
XL=40
X=10
IX=9
V=5
IV=4
I=1
M=1000
CM=900
D=500
CD=400
C=100
XC=90
L=50
XL=40
X=10
IX=9
V=5
IV=4
I=1
M=1000
CM=900
D=500
CD=400
C=100
XC=90
L=50
XL=40
X=10
IX=9
V=5
IV=4
I=1
M=1000
CM=900
D=500
CD=400
C=100
XC=90
L=50
XL=40
X=10
IX=9
V=5
IV=4
I=1
M=1000
CM=900
D=500
CD=400
C=100
XC=90
L=50
XL=40
X=10
IX=9
V=5
IV=4
I=1
M=1000
CM=900
D=500
CD=400
C=100
XC=90
L=50
XL=40
X=10
IX=9
V=5
IV=4
I=1
M=1000
CM=900
D=500
CD=400
C=100
XC=90
L=50
XL=40
X=10
IX=9
V=5
IV=4
I=1
M=1000
CM=900
D=500
CD=400
C=100
XC=90
L=50
XL=40
X=10
IX=9
V=5
IV=4
I=1
M=1000
CM=900
D=500
CD=400
C=100
XC=90
L=50
XL=40
X=10
IX=9
V=5
IV=4
I=1
M=1000
CM=900
D=500
CD=400
C=100
XC=90
L=50
XL=40
X=10
IX=9
V=5
IV=4
I=1
M=1000
CM=900
D=500
CD=400
C=100
XC=90
L=50
XL=40
X=10
IX=9
V=5
IV=4
I=1
M=1000
CM=900
D=500
CD=400
C=100
XC=90
L=50
XL=40
X=10
IX=9
V=5
IV=4
I=1
M=1000
CM=900
D=500
CD=400
C=100
XC=90
L=50
XL=40
X=10
IX=9
V=5
IV=4
I=1
M=1000
CM=900
D=500
CD=400
C=100
XC=90
L=50
XL=40
X=10
IX=9
V=5
IV=4
I=1
M=1000
CM=900
D=500
CD=400
C=100
XC=90
L=50
XL=40
X=10
IX=9
V=5
IV=4
I=1
M=1000
CM=900
D=500
CD=400
C=100
XC=90
L=50
XL=40
X=10
IX=9
V=5
IV=4
I=1
M=1000
CM=900
D=500
CD=400
C=100
XC=90
L=50
XL=40
X=10
IX=9
V=5
IV=4
I=1
M=1000
CM=900
D=500
CD=400
C=100
XC=90
L=50
XL=40
X=10
IX=9
V=5
IV=4
I=1
M=1000
CM=900
D=500
CD=400
C=100
XC=90
L=50
XL=40
X=10
IX=9
V=5
IV=4
I=1
M=1000
CM=900
D=500
CD=400
C=100
XC=90
L=50
XL=40
X=10
IX=9
V=5
IV=4
I=1
M=1000
CM=900
D=500
CD=400
C=100
XC=90
L=50
XL=40
X=10
IX=9
V=5
IV=4
I=1
M=1000
CM=900
D=500
CD=400
C=100
XC=90
L=50
XL=40
X=10
IX=9
V=5
IV=4
I=1
M=1000
CM=900
D=500
CD=400
C=100
XC=90
L=50
XL=40
X=10
IX=9
V=5
IV=4
I=1
M=1000
CM=900
D=500
CD=400
C=100
XC=90
L=50
XL=40
X=10
IX=9
V=5
IV=4
I=1
M=1000
CM=900
D=500
CD=400
C=100
XC=90
L=50
XL=40
X=10
IX=9
V=5
IV=4
I=1
M=1000
CM=900
D=500
CD=400
C=100
XC=90
L=50
XL=40
X=10
IX=9
V=5
IV=4
I=1
M=1000
CM=900
D=500
CD=400
C=100
XC=90
L=50
XL=40
X=10
IX=9
V=5
IV=4
I=1
M=1000
CM=900
D=500
CD=400
C=100
XC=90
L=50
XL=40
X=10
IX=9
V=5
IV=4
I=1
M=1000
CM=900
D=500
CD=400
C=100
XC=90
L=50
XL=40
X=10
IX=9
V=5
IV=4
I=1
M=1000
CM=900
D=500
CD=400
C=100
XC=90
L=50
XL=40
X=10
IX=9
V=5
IV=4
I=1
M=1000
CM=900
D=500
CD=400
C=100
XC=90
L=50
XL=40
X=10
IX=9
V=5
IV=4
I=1
M=1000
CM=900
D=500
CD=400
C=100
XC=90
L=50
XL=40
X=10
IX=9
V=5
IV=4
I=1
M=1000
CM=900
D=500
CD=400
C=100
XC=90
L=50
XL=40
X=10
IX=9
V=5
IV=4
I=1
M=1000
CM=900
D=500
CD=400
C=100
XC=90
L=50
XL=40
X=10
IX=9
V=5
IV=4
I=1
M=1000
CM=900
D=500
CD=400
C=100
XC=90
L=50
XL=40
X=10
IX=9
V=5
IV=4
I=1
M=1000
CM=900
D=500
CD=400
C=100
XC=90
L=50
XL=40
X=10
IX=9
V=5
IV=4
I=1
M=1000
CM=900
D=500
CD=400
C=100
XC=90
L=50
XL=40
X=10
IX=9
V=5
IV=4
I=1
M=1000
CM=900
D=500
CD=400
C=100
XC=90
L=50
XL=40
X=10
IX=9
V=5
IV=4
I=1
M=1000
CM=900
D=500
CD=400
C=100
XC=90
L=50
XL=40
X=10
IX=9
V=5
IV=4
I=1
M=1000
CM=900
D=500
CD=400
C=100
XC=90
L=50
XL=40
X=10
IX=9
V=5
IV=4
I=1
M=1000
CM=900
D=500
CD=400
C=100
XC=90
L=50
XL=40
X=10
IX=9
V=5
IV=4
I=1
M=1000
CM=900
D=500
CD=400
C=100
XC=90
L=50
XL=40
X=10
IX=9
V=5
IV=4
I=1
M=1000
CM=900
D=500
CD=400
C=100
XC=90
L=50
XL=40
X=10
IX=9
V=5
IV=4
I=1
M=1000
CM=900
D=500
CD=400
C=100
XC=90
L=50
XL=40
X=10
IX=9
V=5
IV=4
I=1
M=1000
CM=900
D=500
CD=400
C=100
XC=90
L=50
XL=40
X=10
IX=9
V=5
IV=4
I=1
M=1000
CM=900
D=500
CD=400
C=100
XC=90
L=50
XL=40
X=10
IX=9
V=5
IV=4
I=1
M=1000
CM=900
D=500
CD=400
C=100
XC=90
L=50
XL=40
X=10
IX=9
V=5
IV=4
I=1
M=1000
CM=900
D=500
CD=400
C=100
XC=90
L=50
XL=40
X=10
IX=9
V=5
IV=4
I=1
M=1000
CM=900
D=500
CD=400
C=100
XC=90
L=50
XL=40
X=10
IX=9
V=5
IV=4
I=1
M=1000
CM=900
D=500
CD=400
C=100
XC=90
L=50
XL=40
X=10
IX=9
V=5
IV=4
I=1
M=1000
CM=900
D=500
CD=400
C=100
XC=90
L=50
XL=40
X=10
IX=9
V=5
IV=4
I=1
M=1000
CM=900
D=500
CD=400
C=100
XC=90
L=50
XL=40
X=10
IX=9
V=5
IV=4
I=1
M=1000
CM=900
D=500
CD=400
C=100
XC=90
L=50
XL=40
X=10
IX=9
V=5
IV=4
I=1
M=1000
CM=900
D=500
CD=400
C=100
XC=90
L=50
XL=40
X=10
IX=9
V=5
IV=4
I=1
M=1000
CM=900
D=500
CD=400
C=100
XC=90
L=50
XL=40
X=10
IX=9
V=5
IV=4
I=1
M=1000
CM=900
D=500
CD=400
C=100
XC=90
L=50
XL=40
X=10
IX=9
V=5
IV=4
I=1
M=1000
CM=900
D=500
CD=400
C=100
XC=90
L=50
XL=40
X=10
IX=9
V=5
IV=4
I=1
M=1000
CM=900
D=500
CD=400
C=100
XC=90
L=50
XL=40
X=10
IX=9
V=5
IV=4
I=1
M=1000
CM=900
D=500
CD=400
C=100
XC=90
L=50
XL=40
X=10
IX=9
V=5
IV=4
I=1
M=1000
CM=900
D=500
CD=400
C=100
XC=90
L=50
XL=40
X=10
IX=9
V=5
IV=4
I=1
M=1000
CM=900
D=500
CD=400
C=100
XC=90
L=50
XL=40
X=10
IX=9
V=5
IV=4
I=1
M=1000
CM=900
D=500
CD=400
C=100
XC=90
L=50
XL=40
X=10
IX=9
V=5
IV=4
I=1
M=1000
CM=900
D=500
CD=400
C=100
XC=90
L=50
XL=40
X=10
IX=9
V=5
IV=4
I=1
M=1000
CM=900
D=500
CD=400
C=100
XC=90
L=50
XL=40
X=10
IX=9
V=5
IV=4
I=1
M=1000
CM=900
D=500
CD=400
C=100
XC=90
L=50
XL=40
X=10
IX=9
V=5
IV=4
I=1
M=1000
CM=900
D=500
CD=400
C=100
XC=90
L=50
XL=40
X=10
IX=9
V=5
IV=4
I=1
M=1000
CM=900
D=500
CD=400
C=100
XC=90
L=50
XL=40
X=10
IX=9
V=5
IV=4
I=1
M=1000
CM=900
D=500
CD=400
C=100
XC=90
L=50
XL=40
X=10
IX=9
V=5
IV=4
I=1
M=1000
CM=900
D=500
CD=400
C=100
XC=90
L=50
XL=40
X=10
IX=9
V=5
IV=4
I=1
M=1000
CM=900
D=500
CD=400
C=100
XC=90
L=50
XL=40
X=10
IX=9
V=5
IV=4
I=1
M=1000
CM=900
D=500
CD=400
C=100
XC=90
L=50
XL=40
X=10
IX=9
V=5
IV=4
I=1
M=1000
CM=900
D=500
CD=400
C=100
XC=90
L=50
XL=40
X=10
IX=9
V=5
IV=4
I=1
M=1000
CM=900
D=500
CD=400
C=100
XC=90
L=50
XL=40
X=10
IX=9
V=5
IV=4
I=1
M=1000
CM=900
D=500
CD=400
C=100
XC=90
L=50
XL=40
X=10
IX=9
V=5
IV=4
I=1
M=1000
CM=900
D=500
CD=400
C=100
XC=90
L=50
XL=40
X=10
IX=9
V=5
IV=4
I=1
M=1000
CM=900
D=500
CD=400
C=100
XC=90
L=50
XL=40
X=10
IX=9
V=5
IV=4
I=1
M=1000
CM=900
D=500
CD=400
C=100
XC=90
L=50
XL=40
X=10
IX=9
V=5
IV=4
I=1
M=1000
CM=900
D=500
CD=400
C=100
XC=90
L=50
XL=40
X=10
IX=9
V=5
IV=4
I=1
M=1000
CM=900
D=500
CD=400
C=100
XC=90
L=50
XL=40
X=10
IX=9
V=5
IV=4
I=1
M=1000
CM=900
D=500
CD=400
C=100
XC=90
L=50
XL=40
X=10
IX=9
V=5
IV=4
I=1
M=1000
CM=900
D=500
CD=400
C=100
XC=90
L=50
XL=40
X=10
IX=9
V=5
IV=4
I=1
M=1000
CM=900
D=500
CD=400
C=100
XC=90
L=50
XL=40
X=10
IX=9
V=5
IV=4
I=1
M=1000
CM=900
D=500
CD=400
C=100
XC=90
L=50
XL=40
X=10
IX=9
V=5
IV=4
I=1
M=1000
CM=900
D=500
CD=400
C=100
XC=90
L=50
XL=40
X=10
IX=9
V=5
IV=4
I=1
M=1000
CM=900
D=500
CD=400
C=100
XC=90
L=50
XL=40
X=10
IX=9
V=5
IV=4
I=1
M=1000
CM=900
D=500
CD=400
C=100
XC=90
L=50
XL=40
X=10
IX=9
V=5
IV=4
I=1
M=1000
CM=900
D=500
CD=400
C=100
XC=90
L=50
XL=40
X=10
IX=9
V=5
IV=4
I=1
M=1000
CM=900
D=500
CD=400
C=100
XC=90
L=50
XL=40
X=10
IX=9
V=5
IV=4
I=1
M=1000
CM=900
D=500
CD=400
C=100
XC=90
L=50
XL=40
X=10
IX=9
V=5
IV=4
I=1
M=1000
CM=900
D=500
CD=400
C=100
XC=90
L=50
XL=40
X=10
IX=9
V=5
IV=4
I=1
M=1000
CM=900
D=500
CD=400
C=100
XC=90
L=50
XL=40
X=10
IX=9
V=5
IV=4
I=1
M=1000
CM=900
D=500
CD=400
C=100
XC=90
L=50
XL=40
X=10
IX=9
V=5
IV=4
I=1
M=1000
CM=900
D=500
CD=400
C=100
XC=90
L=50
XL=40
X=10
IX=9
V=5
IV=4
I=1
M=1000
CM=900
D=500
CD=400
C=100
XC=90
L=50
XL=40
X=10
IX=9
V=5
IV=4
I=1
M=1000
CM=900
D=500
CD=400
C=100
XC=90
L=50
XL=40
X=10
IX=9
V=5
IV=4
I=1
M=1000
CM=900
D=500
CD=400
C=100
XC=90
L=50
XL=40
X=10
IX=9
V=5
IV=4
I=1
M=1000
CM=900
D=500
CD=400
C=100
XC=90
L=50
XL=40
X=10
IX=9
V=5
IV=4
I=1
M=1000
CM=900
D=500
CD=400
C=100
XC=90
L=50
XL=40
X=10
IX=9
V=5
IV=4
I=1
M=1000
CM=900
D=500
CD=400
C=100
XC=90
L=50
XL=40
X=10
IX=9
V=5
IV=4
I=1
M=1000
CM=900
D=500
CD=400
C=100
XC=90
L=50
XL=40
X=10
IX=9
V=5
IV=4
I=1
M=1000
CM=900
D=500
CD=400
C=100
XC=90
L=50
XL=40
X=10
IX=9
V=5
IV=4
I=1
M=1000
CM=900
D=500
CD=400
C=100
XC=90
L=50
XL=40
X=10
IX=9
V=5
IV=4
I=1
M=1000
CM=900
D=500
CD=400
C=100
XC=90
L=50
XL=40
X=10
IX=9
V=5
IV=4
I=1
M=1000
CM=900
D=500
CD=400
C=100
XC=90
L=50
XL=40
X=10
IX=9
V=5
IV=4
I=1
M=1000
CM=900
D=500
CD=400
C=100
XC=90
L=50
XL=40
X=10
IX=9
V=5
IV=4
I=1
M=1000
CM=900
D=500
CD=400
C=100
XC=90
L=50
XL=40
X=10
IX=9
V=5
IV=4
I=1
M=1000
CM=900
D=500
CD=400
C=100
XC=90
L=50
XL=40
X=10
IX=9
V=5
IV=4
I=1
M=1000
CM=900
D=500
CD=400
C=100
XC=90
L=50
XL=40
X=10
IX=9
V=5
IV=4
I=1
M=1000
CM=900
D=500
CD=400
C=100
XC=90
L=50
XL=40
X=10
IX=9
V=5
IV=4
I=1
M=1000
CM=900
D=500
CD=400
C=100
XC=90
L=50
XL=40
X=10
IX=9
V=5
IV=4
I=1
M=1000
CM=900
D=500
CD=400
C=100
XC=90
L=50
XL=40
X=10
IX=9
V=5
IV=4
I=1
M=1000
CM=900
D=500
CD=400
C=100
XC=90
L=50
XL=40
X=10
IX=9
V=5
IV=4
I=1
M=1000
CM=900
D=500
CD=400
C=100
XC=90
L=50
XL=40
X=10
IX=9
V=5
IV=4
I=1
M=1000
CM=900
D=500
CD=400
C=100
XC=90
L=50
XL=40
X=10
IX=9
V=5
IV=4
I=1
M=1000
CM=900
D=500
CD=400
C=100
XC=90
L=50
XL=40
X=10
IX=9
V=5
IV=4
I=1
M=1000
CM=900
D=500
CD=400
C=100
XC=90
L=50
XL=40
X=10
IX=9
V=5
IV=4
I=1
M=1000
CM=900
D=500
CD=400
C=100
XC=90
L=50
XL=40
X=10
IX=9
V=5
IV=4
I=1
M=1000
CM=900
D=500
CD=400
C=100
XC=90
L=50
XL=40
X=10
IX=9
V=5
IV=4
I=1
M=1000
CM=900
D=500
CD=400
C=100
XC=90
L=50
XL=40
X=10
IX=9
V=5
IV=4
I=1
M=1000
CM=900
D=500
CD=400
C=100
XC=90
L=50
XL=40
X=10
IX=9
V=5
IV=4
I=1
M=1000
CM=900
D=500
CD=400
C=100
XC=90
L=50
XL=40
X=10
IX=9
V=5
IV=4
I=1
M=1000
CM=900
D=500
CD=400
C=100
XC=90
L=50
XL=40
X=10
IX=9
V=5
IV=4
I=1
M=1000
CM=900
D=500
CD=400
C=100
XC=90
L=50
XL=40
X=10
IX=9
V=5
IV=4
I=1
M=1000
CM=900
D=500
CD=400
C=100
XC=90
L=50
XL=40
X=10
IX=9
V=5
IV=4
I=1
M=1000
CM=900
D=500
CD=400
C=100
XC=90
L=50
XL=40
X=10
IX=9
V=5
IV=4
I=1
M=1000
CM=900
D=500
CD=400
C=100
XC=90
L=50
XL=40
X=10
IX=9
V=5
IV=4
I=1
M=1000
CM=900
D=500
CD=400
C=100
XC=90
L=50
XL=40
X=10
IX=9
V=5
IV=4
I=1
M=1000
CM=900
D=500
CD=400
C=100
XC=90
L=50
XL=40
X=10
IX=9
V=5
IV=4
I=1
M=1000
CM=900
D=500
CD=400
C=100
XC=90
L=50
XL=40
X=10
IX=9
V=5
IV=4
I=1
M=1000
CM=900
D=500
CD=400
C=100
XC=90
L=50
XL=40
X=10
IX=9
V=5
IV=4
I=1
M=1000
CM=900
D=500
CD=400
C=100
XC=90
L=50
XL=40
X=10
IX=9
V=5
IV=4
I=1
M=1000
CM=900
D=500
CD=400
C=100
XC=90
L=50
XL=40
X=10
IX=9
V=5
IV=4
I=1
M=1000
CM=900
D=500
CD=400
C=100
XC=90
L=50
XL=40
X=10
IX=9
V=5
IV=4
I=1
M=1000
CM=900
D=500
CD=400
C=100
XC=90
L=50
XL=40
X=10
IX=9
V=5
IV=4
I=1
M=1000
CM=900
D=500
CD=400
C=100
XC=90
L=50
XL=40
X=10
IX=9
V=5
IV=4
I=1
M=1000
CM=900
D=500
CD=400
C=100
XC=90
L=50
XL=40
X=10
IX=9
V=5
IV=4
I=1
M=1000
CM=900
D=500
CD=400
C=100
XC=90
L=50
XL=40
X=10
IX=9
V=5
IV=4
I=1
M=1000
CM=900
D=500
CD=400
C=100
XC=90
L=50
XL=40
X=10
IX=9
V=5
IV=4
I=1
M=1000
CM=900
D=500
CD=400
C=100
XC=90
L=50
XL=40
X=10
IX=9
V=5
IV=4
I=1
M=1000
CM=900
D=500
CD=400
C=100
XC=90
L=50
XL=40
X=10
IX=9
V=5
IV=4
I=1
M=1000
CM=900
D=500
CD=400
C=100
XC=90
L=50
XL=40
X=10
IX=9
V=5
IV=4
I=1
M=1000
CM=900
D=500
CD=400
C=100
XC=90
L=50
XL=40
X=10
IX=9
V=5
IV=4
I=1
M=1000
CM=900
D=500
CD=400
C=100
XC=90
L=50
XL=40
X=10
IX=9
V=5
IV=4
I=1
M=1000
CM=900
D=500
CD=400
C=100
XC=90
L=50
XL=40
X=10
IX=9
V=5
IV=4
I=1
M=1000
CM=900
D=500
CD=400
C=100
XC=90
L=50
XL=40
X=10
IX=9
V=5
IV=4
I=1
M=1000
CM=900
D=500
CD=400
C=100
XC=90
L=50
XL=40
X=10
IX=9
V=5
IV=4
I=1
M=1000
CM=900
D=500
CD=400
C=100
XC=90
L=50
XL=40
X=10
IX=9
V=5
IV=4
I=1
M=1000
CM=900
D=500
CD=400
C=100
XC=90
L=50
XL=40
X=10
IX=9
V=5
IV=4
I=1
M=1000
CM=900
D=500
CD=400
C=100
XC=90
L=50
XL=40
X=10
IX=9
V=5
IV=4
I=1
M=1000
CM=900
D=500
CD=400
C=100
XC=90
L=50
XL=40
X=10
IX=9
V=5
IV=4
I=1
M=1000
CM=900
D=500
CD=400
C=100
XC=90
L=50
XL=40
X=10
IX=9
V=5
IV=4
I=1
M=1000
CM=900
D=500
CD=400
C=100
XC=90
L=50
XL=40
X=10
IX=9
V=5
IV=4
I=1
M=1000
CM=900
D=500
CD=400
C=100
XC=90
L=50
XL=40
X=10
IX=9
V=5
IV=4
I=1
M=1000
CM=900
D=500
CD=400
C=100
XC=90
L=50
XL=40
X=10
IX=9
V=5
IV=4
I=1
M=1000
CM=900
D=500
CD=400
C=100
XC=90
L=50
XL=40
X=10
IX=9
V=5
IV=4
I=1
M=1000
CM=900
D=500
CD=400
C=100
XC=90
L=50
XL=40
X=10
IX=9
V=5
IV=4
I=1
M=1000
CM=900
D=500
CD=400
C=100
XC=90
L=50
XL=40
X=10
IX=9
V=5
IV=4
I=1
M=1000
CM=900
D=500
CD=400
C=100
XC=90
L=50
XL=40
X=10
IX=9
V=5
IV=4
I=1
M=1000
CM=900
D=500
CD=400
C=100
XC=90
L=50
XL=40
X=10
IX=9
V=5
IV=4
I=1
M=1000
CM=900
D=500
CD=400
C=100
XC=90
L=50
XL=40
X=10
IX=9
V=5
IV=4
I=1
M=1000
CM=900
D=500
CD=400
C=100
XC=90
L=50
XL=40
X=10
IX=9
V=5
IV=4
I=1
M=1000
CM=900
D=500
CD=400
C=100
XC=90
L=50
XL=40
X=10
IX=9
V=5
IV=4
I=1
M=1000
CM=900
D=500
CD=400
C=100
XC=90
L=50
XL=40
X=10
IX=9
V=5
IV=4
I=1
M=1000
CM=900
D=500
CD=400
C=100
XC=90
L=50
XL=40
X=10
IX=9
V=5
IV=4
I=1
M=1000
CM=900
D=500
CD=400
C=100
XC=90
L=50
XL=40
X=10
IX=9
V=5
IV=4
I=1
M=1000
CM=900
D=500
CD=400
C=100
XC=90
L=50
XL=40
X=10
IX=9
V=5
IV=4
I=1
M=1000
CM=900
D=500
CD=400
C=100
XC=90
L=50
XL=40
X=10
IX=9
V=5
IV=4
I=1
M=1000
CM=900
D=500
CD=400
C=100
XC=90
L=50
XL=40
X=10
IX=9
V=5
IV=4
I=1
M=1000
CM=900
D=500
CD=400
C=100
XC=90
L=50
XL=40
X=10
IX=9
V=5
IV=4
I=1
M=1000
CM=900
D=500
CD=400
C=100
XC=90
L=50
XL=40
X=10
IX=9
V=5
IV=4
I=1
M=1000
CM=900
D=500
CD=400
C=100
XC=90
L=50
XL=40
X=10
IX=9
V=5
IV=4
I=1
M=1000
CM=900
D=500
CD=400
C=100
XC=90
L=50
XL=40
X=10
IX=9
V=5
IV=4
I=1
M=1000
CM=900
D=500
CD=400
C=100
XC=90
L=50
XL=40
X=10
IX=9
V=5
IV=4
I=1
M=1000
CM=900
D=500
CD=400
C=100
XC=90
L=50
XL=40
X=10
IX=9
V=5
IV=4
I=1
M=1000
CM=900
D=500
CD=400
C=100
XC=90
L=50
XL=40
X=10
IX=9
V=5
IV=4
I=1
M=1000
CM=900
D=500
CD=400
C=100
XC=90
L=50
XL=40
X=10
IX=9
V=5
IV=4
I=1
M=1000
CM=900
D=500
CD=400
C=100
XC=90
L=50
XL=40
X=10
IX=9
V=5
IV=4
I=1
M=1000
CM=900
D=500
CD=400
C=100
XC=90
L=50
XL=40
X=10
IX=9
V=5
IV=4
I=1
M=1000
CM=900
D=500
CD=400
C=100
XC=90
L=50
XL=40
X=10
IX=9
V=5
IV=4
I=1
M=1000
CM=900
D=500
CD=400
C=100
XC=90
L=50
XL=40
X=10
IX=9
V=5
IV=4
I=1
M=1000
CM=900
D=500
CD=400
C=100
XC=90
L=50
XL=40
X=10
IX=9
V=5
IV=4
I=1
M=1000
CM=900
D=500
CD=400
C=100
XC=90
L=50
XL=40
X=10
IX=9
V=5
IV=4
I=1
M=1000
CM=900
D=500
CD=400
C=100
XC=90
L=50
XL=40
X=10
IX=9
V=5
IV=4
I=1
M=1000
CM=900
D=500
CD=400
C=100
XC=90
L=50
XL=40
X=10
IX=9
V=5
IV=4
I=1
M=1000
CM=900
D=500
CD=400
C=100
XC=90
L=50
XL=40
X=10
IX=9
V=5
IV=4
I=1
M=1000
CM=900
D=500
CD=400
C=100
XC=90
L=50
XL=40
X=10
IX=9
V=5
IV=4
I=1
M=1000
CM=900
D=500
CD=400
C=100
XC=90
L=50
XL=40
X=10
IX=9
V=5
IV=4
I=1
M=1000
CM=900
D=500
CD=400
C=100
XC=90
L=50
XL=40
X=10
IX=9
V=5
IV=4
I=1
M=1000
CM=900
D=500
CD=400
C=100
XC=90
L=50
XL=40
X=10
IX=9
V=5
IV=4
I=1
M=1000
CM=900
D=500
CD=400
C=100
XC=90
L=50
XL=40
X=10
IX=9
V=5
IV=4
I=1
M=1000
CM=900
D=500
CD=400
C=100
XC=90
L=50
XL=40
X=10
IX=9
V=5
IV=4
I=1
M=1000
CM=900
D=500
CD=400
C=100
XC=90
L=50
XL=40
X=10
IX=9
V=5
IV=4
I=1
M=1000
CM=900
D=500
CD=400
C=100
XC=90
L=50
XL=40
X=10
IX=9
V=5
IV=4
I=1
M=1000
CM=900
D=500
CD=400
C=100
XC=90
L=50
XL=40
X=10
IX=9
V=5
IV=4
I=1
M=1000
CM=900
D=500
CD=400
C=100
XC=90
L=50
XL=40
X=10
IX=9
V=5
IV=4
I=1
M=1000
CM=900
D=500
CD=400
C=100
XC=90
L=50
XL=40
X=10
IX=9
V=5
IV=4
I=1
M=1000
CM=900
D=500
CD=400
C=100
XC=90
L=50
XL=40
X=10
IX=9
V=5
IV=4
I=1
M=1000
CM=900
D=500
CD=400
C=100
XC=90
L=50
XL=40
X=10
IX=9
V=5
IV=4
I=1
M=1000
CM=900
D=500
CD=400
C=100
XC=90
L=50
XL=40
X=10
IX=9
V=5
IV=4
I=1
M=1000
CM=900
D=500
CD=400
C=100
XC=90
L=50
XL=40
X=10
IX=9
V=5
IV=4
I=1
M=1000
CM=900
D=500
CD=400
C=100
XC=90
L=50
XL=40
X=10
IX=9
V=5
IV=4
I=1
M=1000
CM=900
D=500
CD=400
C=100
XC=90
L=50
XL=40
X=10
IX=9
V=5
IV=4
I=1
M=1000
CM=900
D=500
CD=400
C=100
XC=90
L=50
XL=40
X=10
IX=9
V=5
IV=4
I=1
M=1000
CM=900
D=500
CD=400
C=100
XC=90
L=50
XL=40
X=10
IX=9
V=5
IV=4
I=1
M=1000
CM=900
D=500
CD=400
C=100
XC=90
L=50
XL=40
X=10
IX=9
V=5
IV=4
I=1
M=1000
CM=900
D=500
CD=400
C=100
XC=90
L=50
XL=40
X=10
IX=9
V=5
IV=4
I=1
M=1000
CM=900
D=500
CD=400
C=100
XC=90
L=50
XL=40
X=10
IX=9
V=5
IV=4
I=1
M=1000
CM=900
D=500
CD=400
C=100
XC=90
L=50
XL=40
X=10
IX=9
V=5
IV=4
I=1
M=1000
CM=900
D=500
CD=400
C=100
XC=90
L=50
XL=40
X=10
IX=9
V=5
IV=4
I=1
M=1000
CM=900
D=500
CD=400
C=100
XC=90
L=50
XL=40
X=10
IX=9
V=5
IV=4
I=1
M=1000
CM=900
D=500
CD=400
C=100
XC=90
L=50
XL=40
X=10
IX=9
V=5
IV=4
I=1
M=1000
CM=900
D=500
CD=400
C=100
XC=90
L=50
XL=40
X=10
IX=9
V=5
IV=4
I=1
M=1000
CM=900
D=500
CD=400
C=100
XC=90
L=50
XL=40
X=10
IX=9
V=5
IV=4
I=1
M=1000
CM=900
D=500
CD=400
C=100
XC=90
L=50
XL=40
X=10
IX=9
V=5
IV=4
I=1
M=1000
CM=900
D=500
CD=400
C=100
XC=90
L=50
XL=40
X=10
IX=9
V=5
IV=4
I=1
M=1000
CM=900
D=500
CD=400
C=100
XC=90
L=50
XL=40
X=10
IX=9
V=5
IV=4
I=1
M=1000
CM=900
D=500
CD=400
C=100
XC=90
L=50
XL=40
X=10
IX=9
V=5
IV=4
I=1
M=1000
CM=900
D=500
CD=400
C=100
XC=90
L=50
XL=40
X=10
IX=9
V=5
IV=4
I=1
M=1000
CM=900
D=500
CD=400
C=100
XC=90
L=50
XL=40
X=10
IX=9
V=5
IV=4
I=1
M=1000
CM=900
D=500
CD=400
C=100
XC=90
L=50
XL=40
X=10
IX=9
V=5
IV=4
I=1
M=1000
CM=900
D=500
CD=400
C=100
XC=90
L=50
XL=40
X=10
IX=9
V=5
IV=4
I=1
M=1000
CM=900
D=500
CD=400
C=100
XC=90
L=50
XL=40
X=10
IX=9
V=5
IV=4
I=1
M=1000
CM=900
D=500
CD=400
C=100
XC=90
L=50
XL=40
X=10
IX=9
V=5
IV=4
I=1
M=1000
CM=900
D=500
CD=400
C=100
XC=90
L=50
XL=40
X=10
IX=9
V=5
IV=4
I=1
M=1000
CM=900
D=500
CD=400
C=100
XC=90
L=50
XL=40
X=10
IX=9
V=5
IV=4
I=1
M=1000
CM=900
D=500
CD=400
C=100
XC=90
L=50
XL=40
X=10
IX=9
V=5
IV=4
I=1
M=1000
CM=900
D=500
CD=400
C=100
XC=90
L=50
XL=40
X=10
IX=9
V=5
IV=4
I=1
M=1000
CM=900
D=500
CD=400
C=100
XC=90
L=50
XL=40
X=10
IX=9
V=5
IV=4
I=1
M=1000
CM=900
D=500
CD=400
C=100
XC=90
L=50
XL=40
X=10
IX=9
V=5
IV=4
I=1
M=1000
CM=900
D=500
CD=400
C=100
XC=90
L=50
XL=40
X=10
IX=9
V=5
IV=4
I=1
M=1000
CM=900
D=500
CD=400
C=100
XC=90
L=50
XL=40
X=10
IX=9
V=5
IV=4
I=1
M=1000
CM=900
D=500
CD=400
C=100
XC=90
L=50
XL=40
X=10
IX=9
V=5
IV=4
I=1
M=1000
CM=900
D=500
CD=400
C=100
XC=90
L=50
XL=40
X=10
IX=9
V=5
IV=4
I=1
M=1000
CM=900
D=500
CD=400
C=100
XC=90
L=50
XL=40
X=10
IX=9
V=5
IV=4
I=1
M=1000
CM=900
D=500
CD=400
C=100
XC=90
L=50
XL=40
X=10
IX=9
V=5
IV=4
I=1
M=1000
CM=900
D=500
CD=400
C=100
XC=90
L=50
XL=40
X=10
IX=9
V=5
IV=4
I=1
M=1000
CM=900
D=500
CD=400
C=100
XC=90
L=50
XL=40
X=10
IX=9
V=5
IV=4
I=1
]]></system-out>
  <system-err><![CDATA[]]></system-err>
</testsuite>
